{"/Users/robert_fenwick/SWE/keel/keel/debug-sw.js": {"path":"/Users/robert_fenwick/SWE/keel/keel/debug-sw.js","all":true,"statementMap":{"0":{"start":{"line":1,"column":0},"end":{"line":1,"column":34}},"1":{"start":{"line":2,"column":0},"end":{"line":2,"column":0}},"2":{"start":{"line":3,"column":0},"end":{"line":3,"column":14}},"3":{"start":{"line":4,"column":0},"end":{"line":4,"column":40}},"4":{"start":{"line":5,"column":0},"end":{"line":5,"column":42}},"5":{"start":{"line":6,"column":0},"end":{"line":6,"column":50}},"6":{"start":{"line":7,"column":0},"end":{"line":7,"column":27}},"7":{"start":{"line":8,"column":0},"end":{"line":8,"column":54}},"8":{"start":{"line":9,"column":0},"end":{"line":9,"column":5}},"9":{"start":{"line":10,"column":0},"end":{"line":10,"column":2}},"10":{"start":{"line":11,"column":0},"end":{"line":11,"column":39}},"11":{"start":{"line":12,"column":0},"end":{"line":12,"column":2}},"12":{"start":{"line":13,"column":0},"end":{"line":13,"column":29}},"13":{"start":{"line":14,"column":0},"end":{"line":14,"column":29}},"14":{"start":{"line":15,"column":0},"end":{"line":15,"column":72}},"15":{"start":{"line":16,"column":0},"end":{"line":16,"column":5}},"16":{"start":{"line":17,"column":0},"end":{"line":17,"column":0}},"17":{"start":{"line":18,"column":0},"end":{"line":18,"column":7}},"18":{"start":{"line":19,"column":0},"end":{"line":19,"column":65}},"19":{"start":{"line":20,"column":0},"end":{"line":20,"column":82}},"20":{"start":{"line":21,"column":0},"end":{"line":21,"column":4}},"21":{"start":{"line":22,"column":0},"end":{"line":22,"column":36}},"22":{"start":{"line":23,"column":0},"end":{"line":23,"column":60}},"23":{"start":{"line":24,"column":0},"end":{"line":24,"column":4}},"24":{"start":{"line":25,"column":0},"end":{"line":25,"column":22}},"25":{"start":{"line":26,"column":0},"end":{"line":26,"column":54}},"26":{"start":{"line":27,"column":0},"end":{"line":27,"column":66}},"27":{"start":{"line":28,"column":0},"end":{"line":28,"column":68}},"28":{"start":{"line":29,"column":0},"end":{"line":29,"column":14}},"29":{"start":{"line":30,"column":0},"end":{"line":30,"column":27}},"30":{"start":{"line":31,"column":0},"end":{"line":31,"column":57}},"31":{"start":{"line":32,"column":0},"end":{"line":32,"column":39}},"32":{"start":{"line":33,"column":0},"end":{"line":33,"column":92}},"33":{"start":{"line":34,"column":0},"end":{"line":34,"column":25}},"34":{"start":{"line":35,"column":0},"end":{"line":35,"column":80}},"35":{"start":{"line":36,"column":0},"end":{"line":36,"column":11}},"36":{"start":{"line":37,"column":0},"end":{"line":37,"column":8}},"37":{"start":{"line":38,"column":0},"end":{"line":38,"column":7}},"38":{"start":{"line":39,"column":0},"end":{"line":39,"column":4}},"39":{"start":{"line":40,"column":0},"end":{"line":40,"column":65}},"40":{"start":{"line":41,"column":0},"end":{"line":41,"column":4}},"41":{"start":{"line":42,"column":0},"end":{"line":42,"column":30}},"42":{"start":{"line":43,"column":0},"end":{"line":43,"column":49}},"43":{"start":{"line":44,"column":0},"end":{"line":44,"column":33}},"44":{"start":{"line":45,"column":0},"end":{"line":45,"column":4}},"45":{"start":{"line":46,"column":0},"end":{"line":46,"column":23}},"46":{"start":{"line":47,"column":0},"end":{"line":47,"column":34}},"47":{"start":{"line":48,"column":0},"end":{"line":48,"column":95}},"48":{"start":{"line":49,"column":0},"end":{"line":49,"column":39}},"49":{"start":{"line":50,"column":0},"end":{"line":50,"column":6}},"50":{"start":{"line":51,"column":0},"end":{"line":51,"column":38}},"51":{"start":{"line":52,"column":0},"end":{"line":52,"column":65}},"52":{"start":{"line":53,"column":0},"end":{"line":53,"column":14}},"53":{"start":{"line":54,"column":0},"end":{"line":54,"column":45}},"54":{"start":{"line":55,"column":0},"end":{"line":55,"column":64}},"55":{"start":{"line":56,"column":0},"end":{"line":56,"column":14}},"56":{"start":{"line":57,"column":0},"end":{"line":57,"column":7}},"57":{"start":{"line":58,"column":0},"end":{"line":58,"column":6}},"58":{"start":{"line":59,"column":0},"end":{"line":59,"column":62}},"59":{"start":{"line":60,"column":0},"end":{"line":60,"column":5}},"60":{"start":{"line":61,"column":0},"end":{"line":61,"column":4}},"61":{"start":{"line":62,"column":0},"end":{"line":62,"column":19}},"62":{"start":{"line":63,"column":0},"end":{"line":63,"column":40}},"63":{"start":{"line":64,"column":0},"end":{"line":64,"column":13}},"64":{"start":{"line":65,"column":0},"end":{"line":65,"column":26}},"65":{"start":{"line":66,"column":0},"end":{"line":66,"column":3}},"66":{"start":{"line":67,"column":0},"end":{"line":67,"column":5}}},"s":{"0":0,"1":0,"2":0,"3":0,"4":0,"5":0,"6":0,"7":0,"8":0,"9":0,"10":0,"11":0,"12":0,"13":0,"14":0,"15":0,"16":0,"17":0,"18":0,"19":0,"20":0,"21":0,"22":0,"23":0,"24":0,"25":0,"26":0,"27":0,"28":0,"29":0,"30":0,"31":0,"32":0,"33":0,"34":0,"35":0,"36":0,"37":0,"38":0,"39":0,"40":0,"41":0,"42":0,"43":0,"44":0,"45":0,"46":0,"47":0,"48":0,"49":0,"50":0,"51":0,"52":0,"53":0,"54":0,"55":0,"56":0,"57":0,"58":0,"59":0,"60":0,"61":0,"62":0,"63":0,"64":0,"65":0,"66":0},"branchMap":{"0":{"type":"branch","line":1,"loc":{"start":{"line":1,"column":0},"end":{"line":67,"column":-75}},"locations":[{"start":{"line":1,"column":0},"end":{"line":67,"column":-75}}]}},"b":{"0":[0]},"fnMap":{"0":{"name":"(empty-report)","decl":{"start":{"line":1,"column":0},"end":{"line":67,"column":-75}},"loc":{"start":{"line":1,"column":0},"end":{"line":67,"column":-75}},"line":1}},"f":{"0":0}}
,"/Users/robert_fenwick/SWE/keel/keel/run-bug-fix-tests.js": {"path":"/Users/robert_fenwick/SWE/keel/keel/run-bug-fix-tests.js","all":true,"statementMap":{"0":{"start":{"line":1,"column":0},"end":{"line":1,"column":19}},"1":{"start":{"line":2,"column":0},"end":{"line":2,"column":0}},"2":{"start":{"line":3,"column":0},"end":{"line":3,"column":3}},"3":{"start":{"line":4,"column":0},"end":{"line":4,"column":39}},"4":{"start":{"line":5,"column":0},"end":{"line":5,"column":51}},"5":{"start":{"line":6,"column":0},"end":{"line":6,"column":3}},"6":{"start":{"line":7,"column":0},"end":{"line":7,"column":0}},"7":{"start":{"line":8,"column":0},"end":{"line":8,"column":46}},"8":{"start":{"line":9,"column":0},"end":{"line":9,"column":25}},"9":{"start":{"line":10,"column":0},"end":{"line":10,"column":29}},"10":{"start":{"line":11,"column":0},"end":{"line":11,"column":0}},"11":{"start":{"line":12,"column":0},"end":{"line":12,"column":19}},"12":{"start":{"line":13,"column":0},"end":{"line":13,"column":45}},"13":{"start":{"line":14,"column":0},"end":{"line":14,"column":37}},"14":{"start":{"line":15,"column":0},"end":{"line":15,"column":48}},"15":{"start":{"line":16,"column":0},"end":{"line":16,"column":50}},"16":{"start":{"line":17,"column":0},"end":{"line":17,"column":46}},"17":{"start":{"line":18,"column":0},"end":{"line":18,"column":53}},"18":{"start":{"line":19,"column":0},"end":{"line":19,"column":2}},"19":{"start":{"line":20,"column":0},"end":{"line":20,"column":0}},"20":{"start":{"line":21,"column":0},"end":{"line":21,"column":55}},"21":{"start":{"line":22,"column":0},"end":{"line":22,"column":0}},"22":{"start":{"line":23,"column":0},"end":{"line":23,"column":28}},"23":{"start":{"line":24,"column":0},"end":{"line":24,"column":68}},"24":{"start":{"line":25,"column":0},"end":{"line":25,"column":30}},"25":{"start":{"line":26,"column":0},"end":{"line":26,"column":41}},"26":{"start":{"line":27,"column":0},"end":{"line":27,"column":62}},"27":{"start":{"line":28,"column":0},"end":{"line":28,"column":18}},"28":{"start":{"line":29,"column":0},"end":{"line":29,"column":1}},"29":{"start":{"line":30,"column":0},"end":{"line":30,"column":0}},"30":{"start":{"line":31,"column":0},"end":{"line":31,"column":12}},"31":{"start":{"line":32,"column":0},"end":{"line":32,"column":19}},"32":{"start":{"line":33,"column":0},"end":{"line":33,"column":35}},"33":{"start":{"line":34,"column":0},"end":{"line":34,"column":60}},"34":{"start":{"line":35,"column":0},"end":{"line":35,"column":2}},"35":{"start":{"line":36,"column":0},"end":{"line":36,"column":7}},"36":{"start":{"line":37,"column":0},"end":{"line":37,"column":78}},"37":{"start":{"line":38,"column":0},"end":{"line":38,"column":23}},"38":{"start":{"line":39,"column":0},"end":{"line":39,"column":19}},"39":{"start":{"line":40,"column":0},"end":{"line":40,"column":7}},"40":{"start":{"line":41,"column":0},"end":{"line":41,"column":4}},"41":{"start":{"line":42,"column":0},"end":{"line":42,"column":20}},"42":{"start":{"line":43,"column":0},"end":{"line":43,"column":37}},"43":{"start":{"line":44,"column":0},"end":{"line":44,"column":122}},"44":{"start":{"line":45,"column":0},"end":{"line":45,"column":4}},"45":{"start":{"line":46,"column":0},"end":{"line":46,"column":18}},"46":{"start":{"line":47,"column":0},"end":{"line":47,"column":21}},"47":{"start":{"line":48,"column":0},"end":{"line":48,"column":21}},"48":{"start":{"line":49,"column":0},"end":{"line":49,"column":20}},"49":{"start":{"line":50,"column":0},"end":{"line":50,"column":7}},"50":{"start":{"line":51,"column":0},"end":{"line":51,"column":4}},"51":{"start":{"line":52,"column":0},"end":{"line":52,"column":87}},"52":{"start":{"line":53,"column":0},"end":{"line":53,"column":19}},"53":{"start":{"line":54,"column":0},"end":{"line":54,"column":18}},"54":{"start":{"line":55,"column":0},"end":{"line":55,"column":21}},"55":{"start":{"line":56,"column":0},"end":{"line":56,"column":21}},"56":{"start":{"line":57,"column":0},"end":{"line":57,"column":43}},"57":{"start":{"line":58,"column":0},"end":{"line":58,"column":7}},"58":{"start":{"line":59,"column":0},"end":{"line":59,"column":4}},"59":{"start":{"line":60,"column":0},"end":{"line":60,"column":63}},"60":{"start":{"line":61,"column":0},"end":{"line":61,"column":23}},"61":{"start":{"line":62,"column":0},"end":{"line":62,"column":32}},"62":{"start":{"line":63,"column":0},"end":{"line":63,"column":5}},"63":{"start":{"line":64,"column":0},"end":{"line":64,"column":3}},"64":{"start":{"line":65,"column":0},"end":{"line":65,"column":1}},"65":{"start":{"line":66,"column":0},"end":{"line":66,"column":0}},"66":{"start":{"line":67,"column":0},"end":{"line":67,"column":10}},"67":{"start":{"line":68,"column":0},"end":{"line":68,"column":33}},"68":{"start":{"line":69,"column":0},"end":{"line":69,"column":32}},"69":{"start":{"line":70,"column":0},"end":{"line":70,"column":0}},"70":{"start":{"line":71,"column":0},"end":{"line":71,"column":63}},"71":{"start":{"line":72,"column":0},"end":{"line":72,"column":63}},"72":{"start":{"line":73,"column":0},"end":{"line":73,"column":0}},"73":{"start":{"line":74,"column":0},"end":{"line":74,"column":52}},"74":{"start":{"line":75,"column":0},"end":{"line":75,"column":35}},"75":{"start":{"line":76,"column":0},"end":{"line":76,"column":35}},"76":{"start":{"line":77,"column":0},"end":{"line":77,"column":0}},"77":{"start":{"line":78,"column":0},"end":{"line":78,"column":17}},"78":{"start":{"line":79,"column":0},"end":{"line":79,"column":72}},"79":{"start":{"line":80,"column":0},"end":{"line":80,"column":84}},"80":{"start":{"line":81,"column":0},"end":{"line":81,"column":18}},"81":{"start":{"line":82,"column":0},"end":{"line":82,"column":8}},"82":{"start":{"line":83,"column":0},"end":{"line":83,"column":61}},"83":{"start":{"line":84,"column":0},"end":{"line":84,"column":59}},"84":{"start":{"line":85,"column":0},"end":{"line":85,"column":55}},"85":{"start":{"line":86,"column":0},"end":{"line":86,"column":54}},"86":{"start":{"line":87,"column":0},"end":{"line":87,"column":62}},"87":{"start":{"line":88,"column":0},"end":{"line":88,"column":59}},"88":{"start":{"line":89,"column":0},"end":{"line":89,"column":53}},"89":{"start":{"line":90,"column":0},"end":{"line":90,"column":48}},"90":{"start":{"line":91,"column":0},"end":{"line":91,"column":1}}},"s":{"0":0,"1":0,"2":0,"3":0,"4":0,"5":0,"6":0,"7":0,"8":0,"9":0,"10":0,"11":0,"12":0,"13":0,"14":0,"15":0,"16":0,"17":0,"18":0,"19":0,"20":0,"21":0,"22":0,"23":0,"24":0,"25":0,"26":0,"27":0,"28":0,"29":0,"30":0,"31":0,"32":0,"33":0,"34":0,"35":0,"36":0,"37":0,"38":0,"39":0,"40":0,"41":0,"42":0,"43":0,"44":0,"45":0,"46":0,"47":0,"48":0,"49":0,"50":0,"51":0,"52":0,"53":0,"54":0,"55":0,"56":0,"57":0,"58":0,"59":0,"60":0,"61":0,"62":0,"63":0,"64":0,"65":0,"66":0,"67":0,"68":0,"69":0,"70":0,"71":0,"72":0,"73":0,"74":0,"75":0,"76":0,"77":0,"78":0,"79":0,"80":0,"81":0,"82":0,"83":0,"84":0,"85":0,"86":0,"87":0,"88":0,"89":0,"90":0},"branchMap":{"0":{"type":"branch","line":1,"loc":{"start":{"line":1,"column":2769},"end":{"line":91,"column":1}},"locations":[{"start":{"line":1,"column":2769},"end":{"line":91,"column":1}}]}},"b":{"0":[0]},"fnMap":{"0":{"name":"(empty-report)","decl":{"start":{"line":1,"column":2769},"end":{"line":91,"column":1}},"loc":{"start":{"line":1,"column":2769},"end":{"line":91,"column":1}},"line":1}},"f":{"0":0}}
,"/Users/robert_fenwick/SWE/keel/keel/run-tests.js": {"path":"/Users/robert_fenwick/SWE/keel/keel/run-tests.js","all":true,"statementMap":{"0":{"start":{"line":1,"column":0},"end":{"line":1,"column":41}},"1":{"start":{"line":2,"column":0},"end":{"line":2,"column":0}},"2":{"start":{"line":3,"column":0},"end":{"line":3,"column":5}},"3":{"start":{"line":4,"column":0},"end":{"line":4,"column":34}},"4":{"start":{"line":5,"column":0},"end":{"line":5,"column":46}},"5":{"start":{"line":6,"column":0},"end":{"line":6,"column":21}},"6":{"start":{"line":7,"column":0},"end":{"line":7,"column":20}},"7":{"start":{"line":8,"column":0},"end":{"line":8,"column":5}},"8":{"start":{"line":9,"column":0},"end":{"line":9,"column":22}},"9":{"start":{"line":10,"column":0},"end":{"line":10,"column":17}},"10":{"start":{"line":11,"column":0},"end":{"line":11,"column":57}},"11":{"start":{"line":12,"column":0},"end":{"line":12,"column":18}},"12":{"start":{"line":13,"column":0},"end":{"line":13,"column":1}}},"s":{"0":0,"1":0,"2":0,"3":0,"4":0,"5":0,"6":0,"7":0,"8":0,"9":0,"10":0,"11":0,"12":0},"branchMap":{"0":{"type":"branch","line":1,"loc":{"start":{"line":1,"column":0},"end":{"line":13,"column":-81}},"locations":[{"start":{"line":1,"column":0},"end":{"line":13,"column":-81}}]}},"b":{"0":[0]},"fnMap":{"0":{"name":"(empty-report)","decl":{"start":{"line":1,"column":0},"end":{"line":13,"column":-81}},"loc":{"start":{"line":1,"column":0},"end":{"line":13,"column":-81}},"line":1}},"f":{"0":0}}
,"/Users/robert_fenwick/SWE/keel/keel/sw.ts": {"path":"/Users/robert_fenwick/SWE/keel/keel/sw.ts","all":true,"statementMap":{"0":{"start":{"line":1,"column":0},"end":{"line":1,"column":33}},"1":{"start":{"line":2,"column":0},"end":{"line":2,"column":64}},"3":{"start":{"line":4,"column":0},"end":{"line":4,"column":43}},"5":{"start":{"line":6,"column":0},"end":{"line":6,"column":40}},"6":{"start":{"line":7,"column":0},"end":{"line":7,"column":48}},"7":{"start":{"line":8,"column":0},"end":{"line":8,"column":30}},"8":{"start":{"line":9,"column":0},"end":{"line":9,"column":3}},"10":{"start":{"line":11,"column":0},"end":{"line":11,"column":52}},"11":{"start":{"line":12,"column":0},"end":{"line":12,"column":48}},"12":{"start":{"line":13,"column":0},"end":{"line":13,"column":41}},"13":{"start":{"line":14,"column":0},"end":{"line":14,"column":58}},"14":{"start":{"line":15,"column":0},"end":{"line":15,"column":56}},"15":{"start":{"line":16,"column":0},"end":{"line":16,"column":3}},"18":{"start":{"line":19,"column":0},"end":{"line":19,"column":45}},"19":{"start":{"line":20,"column":0},"end":{"line":20,"column":62}},"20":{"start":{"line":21,"column":0},"end":{"line":21,"column":46}},"21":{"start":{"line":22,"column":0},"end":{"line":22,"column":38}},"22":{"start":{"line":23,"column":0},"end":{"line":23,"column":3}},"23":{"start":{"line":24,"column":0},"end":{"line":24,"column":3}},"26":{"start":{"line":27,"column":0},"end":{"line":27,"column":43}},"27":{"start":{"line":28,"column":0},"end":{"line":28,"column":54}},"28":{"start":{"line":29,"column":0},"end":{"line":29,"column":3}},"30":{"start":{"line":31,"column":0},"end":{"line":31,"column":56}},"31":{"start":{"line":32,"column":0},"end":{"line":32,"column":69}},"32":{"start":{"line":33,"column":0},"end":{"line":33,"column":3}}},"s":{"0":0,"1":0,"3":0,"5":0,"6":0,"7":0,"8":0,"10":0,"11":0,"12":0,"13":0,"14":0,"15":0,"18":0,"19":0,"20":0,"21":0,"22":0,"23":0,"26":0,"27":0,"28":0,"30":0,"31":0,"32":0},"branchMap":{"0":{"type":"branch","line":1,"loc":{"start":{"line":1,"column":1034},"end":{"line":33,"column":3}},"locations":[{"start":{"line":1,"column":1034},"end":{"line":33,"column":3}}]}},"b":{"0":[0]},"fnMap":{"0":{"name":"(empty-report)","decl":{"start":{"line":1,"column":1034},"end":{"line":33,"column":3}},"loc":{"start":{"line":1,"column":1034},"end":{"line":33,"column":3}},"line":1}},"f":{"0":0}}
,"/Users/robert_fenwick/SWE/keel/keel/dev-dist/registerSW.js": {"path":"/Users/robert_fenwick/SWE/keel/keel/dev-dist/registerSW.js","all":true,"statementMap":{"0":{"start":{"line":1,"column":0},"end":{"line":1,"column":128}}},"s":{"0":0},"branchMap":{"0":{"type":"branch","line":1,"loc":{"start":{"line":1,"column":0},"end":{"line":1,"column":128}},"locations":[{"start":{"line":1,"column":0},"end":{"line":1,"column":128}}]}},"b":{"0":[0]},"fnMap":{"0":{"name":"(empty-report)","decl":{"start":{"line":1,"column":0},"end":{"line":1,"column":128}},"loc":{"start":{"line":1,"column":0},"end":{"line":1,"column":128}},"line":1}},"f":{"0":0}}
,"/Users/robert_fenwick/SWE/keel/keel/src/constants.ts": {"path":"/Users/robert_fenwick/SWE/keel/keel/src/constants.ts","all":false,"statementMap":{"5":{"start":{"line":6,"column":0},"end":{"line":6,"column":57}},"6":{"start":{"line":7,"column":0},"end":{"line":7,"column":61}},"9":{"start":{"line":10,"column":0},"end":{"line":10,"column":56}},"12":{"start":{"line":13,"column":0},"end":{"line":13,"column":32}},"15":{"start":{"line":16,"column":0},"end":{"line":16,"column":56}},"18":{"start":{"line":19,"column":0},"end":{"line":19,"column":38}},"19":{"start":{"line":20,"column":0},"end":{"line":20,"column":25}},"20":{"start":{"line":21,"column":0},"end":{"line":21,"column":27}},"21":{"start":{"line":22,"column":0},"end":{"line":22,"column":33}},"22":{"start":{"line":23,"column":0},"end":{"line":23,"column":35}},"23":{"start":{"line":24,"column":0},"end":{"line":24,"column":31}},"24":{"start":{"line":25,"column":0},"end":{"line":25,"column":32}},"25":{"start":{"line":26,"column":0},"end":{"line":26,"column":11}},"28":{"start":{"line":29,"column":0},"end":{"line":29,"column":73}},"31":{"start":{"line":32,"column":0},"end":{"line":32,"column":80}}},"s":{"5":1,"6":1,"9":1,"12":1,"15":1,"18":1,"19":1,"20":1,"21":1,"22":1,"23":1,"24":1,"25":1,"28":1,"31":1},"branchMap":{},"b":{},"fnMap":{},"f":{}}
,"/Users/robert_fenwick/SWE/keel/keel/src/llm.ts": {"path":"/Users/robert_fenwick/SWE/keel/keel/src/llm.ts","all":false,"statementMap":{"0":{"start":{"line":1,"column":0},"end":{"line":1,"column":42}},"4":{"start":{"line":5,"column":0},"end":{"line":5,"column":37}},"5":{"start":{"line":6,"column":0},"end":{"line":6,"column":49}},"6":{"start":{"line":7,"column":0},"end":{"line":7,"column":53}},"7":{"start":{"line":8,"column":0},"end":{"line":8,"column":64}},"8":{"start":{"line":9,"column":0},"end":{"line":9,"column":64}},"9":{"start":{"line":10,"column":0},"end":{"line":10,"column":3}},"10":{"start":{"line":11,"column":0},"end":{"line":11,"column":84}},"11":{"start":{"line":12,"column":0},"end":{"line":12,"column":17}},"12":{"start":{"line":13,"column":0},"end":{"line":13,"column":52}},"13":{"start":{"line":14,"column":0},"end":{"line":14,"column":49}},"14":{"start":{"line":15,"column":0},"end":{"line":15,"column":3}},"15":{"start":{"line":16,"column":0},"end":{"line":16,"column":51}},"16":{"start":{"line":17,"column":0},"end":{"line":17,"column":52}},"17":{"start":{"line":18,"column":0},"end":{"line":18,"column":52}},"18":{"start":{"line":19,"column":0},"end":{"line":19,"column":5}},"19":{"start":{"line":20,"column":0},"end":{"line":20,"column":14}},"20":{"start":{"line":21,"column":0},"end":{"line":21,"column":1}},"22":{"start":{"line":23,"column":0},"end":{"line":23,"column":58}},"23":{"start":{"line":24,"column":0},"end":{"line":24,"column":54}},"24":{"start":{"line":25,"column":0},"end":{"line":25,"column":7}},"25":{"start":{"line":26,"column":0},"end":{"line":26,"column":93}},"26":{"start":{"line":27,"column":0},"end":{"line":27,"column":60}},"27":{"start":{"line":28,"column":0},"end":{"line":28,"column":15}},"28":{"start":{"line":29,"column":0},"end":{"line":29,"column":66}},"29":{"start":{"line":30,"column":0},"end":{"line":30,"column":30}},"30":{"start":{"line":31,"column":0},"end":{"line":31,"column":5}},"32":{"start":{"line":33,"column":0},"end":{"line":33,"column":47}},"33":{"start":{"line":34,"column":0},"end":{"line":34,"column":19}},"34":{"start":{"line":35,"column":0},"end":{"line":35,"column":71}},"35":{"start":{"line":36,"column":0},"end":{"line":36,"column":30}},"36":{"start":{"line":37,"column":0},"end":{"line":37,"column":5}},"38":{"start":{"line":39,"column":0},"end":{"line":39,"column":60}},"39":{"start":{"line":40,"column":0},"end":{"line":40,"column":34}},"41":{"start":{"line":42,"column":0},"end":{"line":42,"column":54}},"42":{"start":{"line":43,"column":0},"end":{"line":43,"column":29}},"43":{"start":{"line":44,"column":0},"end":{"line":44,"column":54}},"44":{"start":{"line":45,"column":0},"end":{"line":45,"column":19}},"45":{"start":{"line":46,"column":0},"end":{"line":46,"column":69}},"46":{"start":{"line":47,"column":0},"end":{"line":47,"column":7}},"50":{"start":{"line":51,"column":0},"end":{"line":51,"column":75}},"53":{"start":{"line":54,"column":0},"end":{"line":54,"column":44}},"55":{"start":{"line":56,"column":0},"end":{"line":56,"column":37}},"57":{"start":{"line":58,"column":0},"end":{"line":58,"column":77}},"58":{"start":{"line":59,"column":0},"end":{"line":59,"column":82}},"59":{"start":{"line":60,"column":0},"end":{"line":60,"column":34}},"60":{"start":{"line":61,"column":0},"end":{"line":61,"column":11}},"61":{"start":{"line":62,"column":0},"end":{"line":62,"column":17}},"62":{"start":{"line":63,"column":0},"end":{"line":63,"column":7}},"67":{"start":{"line":68,"column":0},"end":{"line":68,"column":52}},"69":{"start":{"line":70,"column":0},"end":{"line":70,"column":48}},"70":{"start":{"line":71,"column":0},"end":{"line":71,"column":32}},"71":{"start":{"line":72,"column":0},"end":{"line":72,"column":34}},"72":{"start":{"line":73,"column":0},"end":{"line":73,"column":19}},"73":{"start":{"line":74,"column":0},"end":{"line":74,"column":9}},"77":{"start":{"line":78,"column":0},"end":{"line":78,"column":126}},"78":{"start":{"line":79,"column":0},"end":{"line":79,"column":68}},"79":{"start":{"line":80,"column":0},"end":{"line":80,"column":61}},"80":{"start":{"line":81,"column":0},"end":{"line":81,"column":36}},"81":{"start":{"line":82,"column":0},"end":{"line":82,"column":35}},"82":{"start":{"line":83,"column":0},"end":{"line":83,"column":37}},"83":{"start":{"line":84,"column":0},"end":{"line":84,"column":13}},"84":{"start":{"line":85,"column":0},"end":{"line":85,"column":32}},"85":{"start":{"line":86,"column":0},"end":{"line":86,"column":9}},"86":{"start":{"line":87,"column":0},"end":{"line":87,"column":7}},"88":{"start":{"line":89,"column":0},"end":{"line":89,"column":127}},"89":{"start":{"line":90,"column":0},"end":{"line":90,"column":70}},"90":{"start":{"line":91,"column":0},"end":{"line":91,"column":63}},"91":{"start":{"line":92,"column":0},"end":{"line":92,"column":36}},"92":{"start":{"line":93,"column":0},"end":{"line":93,"column":35}},"93":{"start":{"line":94,"column":0},"end":{"line":94,"column":37}},"94":{"start":{"line":95,"column":0},"end":{"line":95,"column":13}},"95":{"start":{"line":96,"column":0},"end":{"line":96,"column":32}},"96":{"start":{"line":97,"column":0},"end":{"line":97,"column":9}},"97":{"start":{"line":98,"column":0},"end":{"line":98,"column":7}},"100":{"start":{"line":101,"column":0},"end":{"line":101,"column":58}},"101":{"start":{"line":102,"column":0},"end":{"line":102,"column":53}},"102":{"start":{"line":103,"column":0},"end":{"line":103,"column":34}},"103":{"start":{"line":104,"column":0},"end":{"line":104,"column":35}},"104":{"start":{"line":105,"column":0},"end":{"line":105,"column":11}},"105":{"start":{"line":106,"column":0},"end":{"line":106,"column":30}},"106":{"start":{"line":107,"column":0},"end":{"line":107,"column":7}},"107":{"start":{"line":108,"column":0},"end":{"line":108,"column":5}},"109":{"start":{"line":110,"column":0},"end":{"line":110,"column":67}},"110":{"start":{"line":111,"column":0},"end":{"line":111,"column":37}},"111":{"start":{"line":112,"column":0},"end":{"line":112,"column":7}},"112":{"start":{"line":113,"column":0},"end":{"line":113,"column":28}},"113":{"start":{"line":114,"column":0},"end":{"line":114,"column":15}},"114":{"start":{"line":115,"column":0},"end":{"line":115,"column":92}},"115":{"start":{"line":116,"column":0},"end":{"line":116,"column":28}},"116":{"start":{"line":117,"column":0},"end":{"line":117,"column":3}},"117":{"start":{"line":118,"column":0},"end":{"line":118,"column":1}},"133":{"start":{"line":134,"column":0},"end":{"line":134,"column":116}},"134":{"start":{"line":135,"column":0},"end":{"line":135,"column":3}},"135":{"start":{"line":136,"column":0},"end":{"line":136,"column":50}},"136":{"start":{"line":137,"column":0},"end":{"line":137,"column":91}},"137":{"start":{"line":138,"column":0},"end":{"line":138,"column":120}},"138":{"start":{"line":139,"column":0},"end":{"line":139,"column":29}},"139":{"start":{"line":140,"column":0},"end":{"line":140,"column":32}},"140":{"start":{"line":141,"column":0},"end":{"line":141,"column":38}},"141":{"start":{"line":142,"column":0},"end":{"line":142,"column":16}},"142":{"start":{"line":143,"column":0},"end":{"line":143,"column":32}},"143":{"start":{"line":144,"column":0},"end":{"line":144,"column":6}},"144":{"start":{"line":145,"column":0},"end":{"line":145,"column":25}},"145":{"start":{"line":146,"column":0},"end":{"line":146,"column":23}},"146":{"start":{"line":147,"column":0},"end":{"line":147,"column":18}},"147":{"start":{"line":148,"column":0},"end":{"line":148,"column":5}},"148":{"start":{"line":149,"column":0},"end":{"line":149,"column":4}},"149":{"start":{"line":150,"column":0},"end":{"line":150,"column":3}},"150":{"start":{"line":151,"column":0},"end":{"line":151,"column":50}},"151":{"start":{"line":152,"column":0},"end":{"line":152,"column":91}},"152":{"start":{"line":153,"column":0},"end":{"line":153,"column":120}},"153":{"start":{"line":154,"column":0},"end":{"line":154,"column":29}},"154":{"start":{"line":155,"column":0},"end":{"line":155,"column":32}},"155":{"start":{"line":156,"column":0},"end":{"line":156,"column":16}},"156":{"start":{"line":157,"column":0},"end":{"line":157,"column":32}},"157":{"start":{"line":158,"column":0},"end":{"line":158,"column":6}},"158":{"start":{"line":159,"column":0},"end":{"line":159,"column":25}},"159":{"start":{"line":160,"column":0},"end":{"line":160,"column":23}},"160":{"start":{"line":161,"column":0},"end":{"line":161,"column":18}},"161":{"start":{"line":162,"column":0},"end":{"line":162,"column":5}},"162":{"start":{"line":163,"column":0},"end":{"line":163,"column":4}},"163":{"start":{"line":164,"column":0},"end":{"line":164,"column":3}},"164":{"start":{"line":165,"column":0},"end":{"line":165,"column":50}},"165":{"start":{"line":166,"column":0},"end":{"line":166,"column":91}},"166":{"start":{"line":167,"column":0},"end":{"line":167,"column":120}},"167":{"start":{"line":168,"column":0},"end":{"line":168,"column":29}},"168":{"start":{"line":169,"column":0},"end":{"line":169,"column":32}},"169":{"start":{"line":170,"column":0},"end":{"line":170,"column":38}},"170":{"start":{"line":171,"column":0},"end":{"line":171,"column":16}},"171":{"start":{"line":172,"column":0},"end":{"line":172,"column":32}},"172":{"start":{"line":173,"column":0},"end":{"line":173,"column":6}},"173":{"start":{"line":174,"column":0},"end":{"line":174,"column":25}},"174":{"start":{"line":175,"column":0},"end":{"line":175,"column":23}},"175":{"start":{"line":176,"column":0},"end":{"line":176,"column":17}},"176":{"start":{"line":177,"column":0},"end":{"line":177,"column":5}},"177":{"start":{"line":178,"column":0},"end":{"line":178,"column":4}},"178":{"start":{"line":179,"column":0},"end":{"line":179,"column":3}},"179":{"start":{"line":180,"column":0},"end":{"line":180,"column":50}},"180":{"start":{"line":181,"column":0},"end":{"line":181,"column":91}},"181":{"start":{"line":182,"column":0},"end":{"line":182,"column":120}},"182":{"start":{"line":183,"column":0},"end":{"line":183,"column":30}},"183":{"start":{"line":184,"column":0},"end":{"line":184,"column":32}},"184":{"start":{"line":185,"column":0},"end":{"line":185,"column":16}},"185":{"start":{"line":186,"column":0},"end":{"line":186,"column":32}},"186":{"start":{"line":187,"column":0},"end":{"line":187,"column":6}},"187":{"start":{"line":188,"column":0},"end":{"line":188,"column":25}},"188":{"start":{"line":189,"column":0},"end":{"line":189,"column":23}},"189":{"start":{"line":190,"column":0},"end":{"line":190,"column":17}},"190":{"start":{"line":191,"column":0},"end":{"line":191,"column":5}},"191":{"start":{"line":192,"column":0},"end":{"line":192,"column":4}},"192":{"start":{"line":193,"column":0},"end":{"line":193,"column":3}},"193":{"start":{"line":194,"column":0},"end":{"line":194,"column":50}},"194":{"start":{"line":195,"column":0},"end":{"line":195,"column":91}},"195":{"start":{"line":196,"column":0},"end":{"line":196,"column":120}},"196":{"start":{"line":197,"column":0},"end":{"line":197,"column":30}},"197":{"start":{"line":198,"column":0},"end":{"line":198,"column":32}},"198":{"start":{"line":199,"column":0},"end":{"line":199,"column":38}},"199":{"start":{"line":200,"column":0},"end":{"line":200,"column":16}},"200":{"start":{"line":201,"column":0},"end":{"line":201,"column":32}},"201":{"start":{"line":202,"column":0},"end":{"line":202,"column":6}},"202":{"start":{"line":203,"column":0},"end":{"line":203,"column":25}},"203":{"start":{"line":204,"column":0},"end":{"line":204,"column":23}},"204":{"start":{"line":205,"column":0},"end":{"line":205,"column":17}},"205":{"start":{"line":206,"column":0},"end":{"line":206,"column":5}},"206":{"start":{"line":207,"column":0},"end":{"line":207,"column":4}},"207":{"start":{"line":208,"column":0},"end":{"line":208,"column":2}},"209":{"start":{"line":210,"column":0},"end":{"line":210,"column":52}},"210":{"start":{"line":211,"column":0},"end":{"line":211,"column":30}},"211":{"start":{"line":212,"column":0},"end":{"line":212,"column":15}},"212":{"start":{"line":213,"column":0},"end":{"line":213,"column":114}},"213":{"start":{"line":214,"column":0},"end":{"line":214,"column":24}},"214":{"start":{"line":215,"column":0},"end":{"line":215,"column":4}},"215":{"start":{"line":216,"column":0},"end":{"line":216,"column":64}},"216":{"start":{"line":217,"column":0},"end":{"line":217,"column":2}},"219":{"start":{"line":220,"column":0},"end":{"line":220,"column":74}},"220":{"start":{"line":221,"column":0},"end":{"line":221,"column":22}},"221":{"start":{"line":222,"column":0},"end":{"line":222,"column":62}},"222":{"start":{"line":223,"column":0},"end":{"line":223,"column":37}},"223":{"start":{"line":224,"column":0},"end":{"line":224,"column":40}},"224":{"start":{"line":225,"column":0},"end":{"line":225,"column":42}},"225":{"start":{"line":226,"column":0},"end":{"line":226,"column":4}},"227":{"start":{"line":228,"column":0},"end":{"line":228,"column":68}},"230":{"start":{"line":231,"column":0},"end":{"line":231,"column":60}},"232":{"start":{"line":233,"column":0},"end":{"line":233,"column":57}},"233":{"start":{"line":234,"column":0},"end":{"line":234,"column":25}},"234":{"start":{"line":235,"column":0},"end":{"line":235,"column":60}},"235":{"start":{"line":236,"column":0},"end":{"line":236,"column":59}},"236":{"start":{"line":237,"column":0},"end":{"line":237,"column":6}},"237":{"start":{"line":238,"column":0},"end":{"line":238,"column":3}},"238":{"start":{"line":239,"column":0},"end":{"line":239,"column":25}},"239":{"start":{"line":240,"column":0},"end":{"line":240,"column":1}},"255":{"start":{"line":256,"column":0},"end":{"line":256,"column":111}},"272":{"start":{"line":273,"column":0},"end":{"line":273,"column":45}},"274":{"start":{"line":275,"column":0},"end":{"line":275,"column":49}},"277":{"start":{"line":278,"column":0},"end":{"line":278,"column":17}},"278":{"start":{"line":279,"column":0},"end":{"line":279,"column":1}},"280":{"start":{"line":281,"column":0},"end":{"line":281,"column":65}},"281":{"start":{"line":282,"column":0},"end":{"line":282,"column":72}},"283":{"start":{"line":284,"column":0},"end":{"line":284,"column":88}},"284":{"start":{"line":285,"column":0},"end":{"line":285,"column":148}},"285":{"start":{"line":286,"column":0},"end":{"line":286,"column":3}},"287":{"start":{"line":288,"column":0},"end":{"line":288,"column":49}},"288":{"start":{"line":289,"column":0},"end":{"line":289,"column":99}},"289":{"start":{"line":290,"column":0},"end":{"line":290,"column":3}},"291":{"start":{"line":292,"column":0},"end":{"line":292,"column":22}},"292":{"start":{"line":293,"column":0},"end":{"line":293,"column":1}},"294":{"start":{"line":295,"column":0},"end":{"line":295,"column":51}},"295":{"start":{"line":296,"column":0},"end":{"line":296,"column":62}},"296":{"start":{"line":297,"column":0},"end":{"line":297,"column":46}},"297":{"start":{"line":298,"column":0},"end":{"line":298,"column":26}},"298":{"start":{"line":299,"column":0},"end":{"line":299,"column":31}},"300":{"start":{"line":301,"column":0},"end":{"line":301,"column":69}},"301":{"start":{"line":302,"column":0},"end":{"line":302,"column":27}},"302":{"start":{"line":303,"column":0},"end":{"line":303,"column":29}},"303":{"start":{"line":304,"column":0},"end":{"line":304,"column":73}},"304":{"start":{"line":305,"column":0},"end":{"line":305,"column":3}},"306":{"start":{"line":307,"column":0},"end":{"line":307,"column":16}},"307":{"start":{"line":308,"column":0},"end":{"line":308,"column":40}},"308":{"start":{"line":309,"column":0},"end":{"line":309,"column":24}},"310":{"start":{"line":311,"column":0},"end":{"line":311,"column":50}},"311":{"start":{"line":312,"column":0},"end":{"line":312,"column":35}},"312":{"start":{"line":313,"column":0},"end":{"line":313,"column":68}},"313":{"start":{"line":314,"column":0},"end":{"line":314,"column":49}},"314":{"start":{"line":315,"column":0},"end":{"line":315,"column":91}},"315":{"start":{"line":316,"column":0},"end":{"line":316,"column":8}},"316":{"start":{"line":317,"column":0},"end":{"line":317,"column":6}},"319":{"start":{"line":320,"column":0},"end":{"line":320,"column":59}},"321":{"start":{"line":322,"column":0},"end":{"line":322,"column":9}},"323":{"start":{"line":324,"column":0},"end":{"line":324,"column":54}},"325":{"start":{"line":326,"column":0},"end":{"line":326,"column":100}},"326":{"start":{"line":327,"column":0},"end":{"line":327,"column":30}},"327":{"start":{"line":328,"column":0},"end":{"line":328,"column":9}},"330":{"start":{"line":331,"column":0},"end":{"line":331,"column":40}},"331":{"start":{"line":332,"column":0},"end":{"line":332,"column":44}},"332":{"start":{"line":333,"column":0},"end":{"line":333,"column":23}},"333":{"start":{"line":334,"column":0},"end":{"line":334,"column":22}},"334":{"start":{"line":335,"column":0},"end":{"line":335,"column":10}},"335":{"start":{"line":336,"column":0},"end":{"line":336,"column":43}},"336":{"start":{"line":337,"column":0},"end":{"line":337,"column":28}},"337":{"start":{"line":338,"column":0},"end":{"line":338,"column":85}},"338":{"start":{"line":339,"column":0},"end":{"line":339,"column":43}},"339":{"start":{"line":340,"column":0},"end":{"line":340,"column":36}},"340":{"start":{"line":341,"column":0},"end":{"line":341,"column":15}},"341":{"start":{"line":342,"column":0},"end":{"line":342,"column":112}},"342":{"start":{"line":343,"column":0},"end":{"line":343,"column":34}},"343":{"start":{"line":344,"column":0},"end":{"line":344,"column":10}},"344":{"start":{"line":345,"column":0},"end":{"line":345,"column":9}},"346":{"start":{"line":347,"column":0},"end":{"line":347,"column":93}},"347":{"start":{"line":348,"column":0},"end":{"line":348,"column":21}},"349":{"start":{"line":350,"column":0},"end":{"line":350,"column":24}},"350":{"start":{"line":351,"column":0},"end":{"line":351,"column":13}},"351":{"start":{"line":352,"column":0},"end":{"line":352,"column":37}},"352":{"start":{"line":353,"column":0},"end":{"line":353,"column":31}},"353":{"start":{"line":354,"column":0},"end":{"line":354,"column":77}},"354":{"start":{"line":355,"column":0},"end":{"line":355,"column":9}},"355":{"start":{"line":356,"column":0},"end":{"line":356,"column":27}},"356":{"start":{"line":357,"column":0},"end":{"line":357,"column":7}},"358":{"start":{"line":359,"column":0},"end":{"line":359,"column":82}},"359":{"start":{"line":360,"column":0},"end":{"line":360,"column":85}},"362":{"start":{"line":363,"column":0},"end":{"line":363,"column":86}},"363":{"start":{"line":364,"column":0},"end":{"line":364,"column":5}},"364":{"start":{"line":365,"column":0},"end":{"line":365,"column":3}},"366":{"start":{"line":367,"column":0},"end":{"line":367,"column":65}},"367":{"start":{"line":368,"column":0},"end":{"line":368,"column":61}},"368":{"start":{"line":369,"column":0},"end":{"line":369,"column":28}},"369":{"start":{"line":370,"column":0},"end":{"line":370,"column":34}},"370":{"start":{"line":371,"column":0},"end":{"line":371,"column":36}},"371":{"start":{"line":372,"column":0},"end":{"line":372,"column":50}},"372":{"start":{"line":373,"column":0},"end":{"line":373,"column":50}},"373":{"start":{"line":374,"column":0},"end":{"line":374,"column":34}},"374":{"start":{"line":375,"column":0},"end":{"line":375,"column":35}},"375":{"start":{"line":376,"column":0},"end":{"line":376,"column":7}},"377":{"start":{"line":378,"column":0},"end":{"line":378,"column":23}},"378":{"start":{"line":379,"column":0},"end":{"line":379,"column":58}},"379":{"start":{"line":380,"column":0},"end":{"line":380,"column":54}},"380":{"start":{"line":381,"column":0},"end":{"line":381,"column":5}},"382":{"start":{"line":383,"column":0},"end":{"line":383,"column":28}},"383":{"start":{"line":384,"column":0},"end":{"line":384,"column":59}},"384":{"start":{"line":385,"column":0},"end":{"line":385,"column":56}},"385":{"start":{"line":386,"column":0},"end":{"line":386,"column":5}},"387":{"start":{"line":388,"column":0},"end":{"line":388,"column":29}},"388":{"start":{"line":389,"column":0},"end":{"line":389,"column":55}},"391":{"start":{"line":392,"column":0},"end":{"line":392,"column":76}},"393":{"start":{"line":394,"column":0},"end":{"line":394,"column":70}},"394":{"start":{"line":395,"column":0},"end":{"line":395,"column":65}},"396":{"start":{"line":397,"column":0},"end":{"line":397,"column":26}},"397":{"start":{"line":398,"column":0},"end":{"line":398,"column":60}},"398":{"start":{"line":399,"column":0},"end":{"line":399,"column":32}},"399":{"start":{"line":400,"column":0},"end":{"line":400,"column":44}},"400":{"start":{"line":401,"column":0},"end":{"line":401,"column":5}},"402":{"start":{"line":403,"column":0},"end":{"line":403,"column":59}},"403":{"start":{"line":404,"column":0},"end":{"line":404,"column":48}},"404":{"start":{"line":405,"column":0},"end":{"line":405,"column":17}},"405":{"start":{"line":406,"column":0},"end":{"line":406,"column":40}},"406":{"start":{"line":407,"column":0},"end":{"line":407,"column":6}},"408":{"start":{"line":409,"column":0},"end":{"line":409,"column":76}},"410":{"start":{"line":411,"column":0},"end":{"line":411,"column":59}},"411":{"start":{"line":412,"column":0},"end":{"line":412,"column":36}},"412":{"start":{"line":413,"column":0},"end":{"line":413,"column":46}},"413":{"start":{"line":414,"column":0},"end":{"line":414,"column":45}},"414":{"start":{"line":415,"column":0},"end":{"line":415,"column":7}},"415":{"start":{"line":416,"column":0},"end":{"line":416,"column":40}},"417":{"start":{"line":418,"column":0},"end":{"line":418,"column":9}},"418":{"start":{"line":419,"column":0},"end":{"line":419,"column":64}},"419":{"start":{"line":420,"column":0},"end":{"line":420,"column":17}},"420":{"start":{"line":421,"column":0},"end":{"line":421,"column":21}},"421":{"start":{"line":422,"column":0},"end":{"line":422,"column":37}},"422":{"start":{"line":423,"column":0},"end":{"line":423,"column":9}},"424":{"start":{"line":425,"column":0},"end":{"line":425,"column":24}},"425":{"start":{"line":426,"column":0},"end":{"line":426,"column":41}},"426":{"start":{"line":427,"column":0},"end":{"line":427,"column":30}},"427":{"start":{"line":428,"column":0},"end":{"line":428,"column":67}},"428":{"start":{"line":429,"column":0},"end":{"line":429,"column":48}},"429":{"start":{"line":430,"column":0},"end":{"line":430,"column":9}},"430":{"start":{"line":431,"column":0},"end":{"line":431,"column":63}},"431":{"start":{"line":432,"column":0},"end":{"line":432,"column":28}},"432":{"start":{"line":433,"column":0},"end":{"line":433,"column":22}},"433":{"start":{"line":434,"column":0},"end":{"line":434,"column":40}},"434":{"start":{"line":435,"column":0},"end":{"line":435,"column":9}},"435":{"start":{"line":436,"column":0},"end":{"line":436,"column":7}},"437":{"start":{"line":438,"column":0},"end":{"line":438,"column":40}},"438":{"start":{"line":439,"column":0},"end":{"line":439,"column":55}},"439":{"start":{"line":440,"column":0},"end":{"line":440,"column":40}},"440":{"start":{"line":441,"column":0},"end":{"line":441,"column":48}},"441":{"start":{"line":442,"column":0},"end":{"line":442,"column":38}},"442":{"start":{"line":443,"column":0},"end":{"line":443,"column":9}},"444":{"start":{"line":445,"column":0},"end":{"line":445,"column":34}},"445":{"start":{"line":446,"column":0},"end":{"line":446,"column":28}},"446":{"start":{"line":447,"column":0},"end":{"line":447,"column":55}},"447":{"start":{"line":448,"column":0},"end":{"line":448,"column":85}},"448":{"start":{"line":449,"column":0},"end":{"line":449,"column":36}},"449":{"start":{"line":450,"column":0},"end":{"line":450,"column":15}},"450":{"start":{"line":451,"column":0},"end":{"line":451,"column":32}},"451":{"start":{"line":452,"column":0},"end":{"line":452,"column":5}},"452":{"start":{"line":453,"column":0},"end":{"line":453,"column":3}},"454":{"start":{"line":455,"column":0},"end":{"line":455,"column":20}},"455":{"start":{"line":456,"column":0},"end":{"line":456,"column":34}},"456":{"start":{"line":457,"column":0},"end":{"line":457,"column":48}},"457":{"start":{"line":458,"column":0},"end":{"line":458,"column":3}},"459":{"start":{"line":460,"column":0},"end":{"line":460,"column":18}},"460":{"start":{"line":461,"column":0},"end":{"line":461,"column":22}},"461":{"start":{"line":462,"column":0},"end":{"line":462,"column":33}},"462":{"start":{"line":463,"column":0},"end":{"line":463,"column":25}},"463":{"start":{"line":464,"column":0},"end":{"line":464,"column":5}},"464":{"start":{"line":465,"column":0},"end":{"line":465,"column":3}},"465":{"start":{"line":466,"column":0},"end":{"line":466,"column":1}},"467":{"start":{"line":468,"column":0},"end":{"line":468,"column":52}},"468":{"start":{"line":469,"column":0},"end":{"line":469,"column":25}},"469":{"start":{"line":470,"column":0},"end":{"line":470,"column":24}},"471":{"start":{"line":472,"column":0},"end":{"line":472,"column":67}},"472":{"start":{"line":473,"column":0},"end":{"line":473,"column":25}},"473":{"start":{"line":474,"column":0},"end":{"line":474,"column":23}},"474":{"start":{"line":475,"column":0},"end":{"line":475,"column":3}},"476":{"start":{"line":477,"column":0},"end":{"line":477,"column":16}},"478":{"start":{"line":479,"column":0},"end":{"line":479,"column":11}},"479":{"start":{"line":480,"column":0},"end":{"line":480,"column":3}},"481":{"start":{"line":482,"column":0},"end":{"line":482,"column":60}},"482":{"start":{"line":483,"column":0},"end":{"line":483,"column":70}},"483":{"start":{"line":484,"column":0},"end":{"line":484,"column":65}},"485":{"start":{"line":486,"column":0},"end":{"line":486,"column":26}},"486":{"start":{"line":487,"column":0},"end":{"line":487,"column":44}},"487":{"start":{"line":488,"column":0},"end":{"line":488,"column":5}},"489":{"start":{"line":490,"column":0},"end":{"line":490,"column":22}},"490":{"start":{"line":491,"column":0},"end":{"line":491,"column":48}},"491":{"start":{"line":492,"column":0},"end":{"line":492,"column":17}},"492":{"start":{"line":493,"column":0},"end":{"line":493,"column":40}},"493":{"start":{"line":494,"column":0},"end":{"line":494,"column":6}},"495":{"start":{"line":496,"column":0},"end":{"line":496,"column":76}},"496":{"start":{"line":497,"column":0},"end":{"line":497,"column":40}},"499":{"start":{"line":500,"column":0},"end":{"line":500,"column":129}},"500":{"start":{"line":501,"column":0},"end":{"line":501,"column":21}},"501":{"start":{"line":502,"column":0},"end":{"line":502,"column":16}},"502":{"start":{"line":503,"column":0},"end":{"line":503,"column":43}},"503":{"start":{"line":504,"column":0},"end":{"line":504,"column":8}},"504":{"start":{"line":505,"column":0},"end":{"line":505,"column":28}},"505":{"start":{"line":506,"column":0},"end":{"line":506,"column":26}},"506":{"start":{"line":507,"column":0},"end":{"line":507,"column":17}},"507":{"start":{"line":508,"column":0},"end":{"line":508,"column":21}},"508":{"start":{"line":509,"column":0},"end":{"line":509,"column":9}},"509":{"start":{"line":510,"column":0},"end":{"line":510,"column":13}},"510":{"start":{"line":511,"column":0},"end":{"line":511,"column":7}},"512":{"start":{"line":513,"column":0},"end":{"line":513,"column":23}},"513":{"start":{"line":514,"column":0},"end":{"line":514,"column":46}},"514":{"start":{"line":515,"column":0},"end":{"line":515,"column":97}},"515":{"start":{"line":516,"column":0},"end":{"line":516,"column":5}},"517":{"start":{"line":518,"column":0},"end":{"line":518,"column":46}},"518":{"start":{"line":519,"column":0},"end":{"line":519,"column":76}},"520":{"start":{"line":521,"column":0},"end":{"line":521,"column":45}},"521":{"start":{"line":522,"column":0},"end":{"line":522,"column":22}},"522":{"start":{"line":523,"column":0},"end":{"line":523,"column":22}},"524":{"start":{"line":525,"column":0},"end":{"line":525,"column":9}},"525":{"start":{"line":526,"column":0},"end":{"line":526,"column":20}},"526":{"start":{"line":527,"column":0},"end":{"line":527,"column":30}},"527":{"start":{"line":528,"column":0},"end":{"line":528,"column":68}},"528":{"start":{"line":529,"column":0},"end":{"line":529,"column":26}},"529":{"start":{"line":530,"column":0},"end":{"line":530,"column":48}},"530":{"start":{"line":531,"column":0},"end":{"line":531,"column":9}},"531":{"start":{"line":532,"column":0},"end":{"line":532,"column":52}},"532":{"start":{"line":533,"column":0},"end":{"line":533,"column":24}},"534":{"start":{"line":535,"column":0},"end":{"line":535,"column":62}},"535":{"start":{"line":536,"column":0},"end":{"line":536,"column":53}},"536":{"start":{"line":537,"column":0},"end":{"line":537,"column":37}},"538":{"start":{"line":539,"column":0},"end":{"line":539,"column":35}},"539":{"start":{"line":540,"column":0},"end":{"line":540,"column":42}},"540":{"start":{"line":541,"column":0},"end":{"line":541,"column":46}},"541":{"start":{"line":542,"column":0},"end":{"line":542,"column":41}},"543":{"start":{"line":544,"column":0},"end":{"line":544,"column":17}},"544":{"start":{"line":545,"column":0},"end":{"line":545,"column":46}},"545":{"start":{"line":546,"column":0},"end":{"line":546,"column":70}},"546":{"start":{"line":547,"column":0},"end":{"line":547,"column":34}},"547":{"start":{"line":548,"column":0},"end":{"line":548,"column":28}},"548":{"start":{"line":549,"column":0},"end":{"line":549,"column":34}},"549":{"start":{"line":550,"column":0},"end":{"line":550,"column":15}},"550":{"start":{"line":551,"column":0},"end":{"line":551,"column":25}},"552":{"start":{"line":553,"column":0},"end":{"line":553,"column":13}},"553":{"start":{"line":554,"column":0},"end":{"line":554,"column":11}},"554":{"start":{"line":555,"column":0},"end":{"line":555,"column":9}},"555":{"start":{"line":556,"column":0},"end":{"line":556,"column":7}},"556":{"start":{"line":557,"column":0},"end":{"line":557,"column":28}},"557":{"start":{"line":558,"column":0},"end":{"line":558,"column":76}},"558":{"start":{"line":559,"column":0},"end":{"line":559,"column":86}},"559":{"start":{"line":560,"column":0},"end":{"line":560,"column":16}},"560":{"start":{"line":561,"column":0},"end":{"line":561,"column":5}},"562":{"start":{"line":563,"column":0},"end":{"line":563,"column":38}},"563":{"start":{"line":564,"column":0},"end":{"line":564,"column":54}},"564":{"start":{"line":565,"column":0},"end":{"line":565,"column":38}},"565":{"start":{"line":566,"column":0},"end":{"line":566,"column":14}},"566":{"start":{"line":567,"column":0},"end":{"line":567,"column":7}},"568":{"start":{"line":569,"column":0},"end":{"line":569,"column":20}},"569":{"start":{"line":570,"column":0},"end":{"line":570,"column":3}},"571":{"start":{"line":572,"column":0},"end":{"line":572,"column":20}},"572":{"start":{"line":573,"column":0},"end":{"line":573,"column":41}},"573":{"start":{"line":574,"column":0},"end":{"line":574,"column":3}},"574":{"start":{"line":575,"column":0},"end":{"line":575,"column":1}},"576":{"start":{"line":577,"column":0},"end":{"line":577,"column":52}},"577":{"start":{"line":578,"column":0},"end":{"line":578,"column":38}},"578":{"start":{"line":579,"column":0},"end":{"line":579,"column":54}},"579":{"start":{"line":580,"column":0},"end":{"line":580,"column":37}},"580":{"start":{"line":581,"column":0},"end":{"line":581,"column":33}},"582":{"start":{"line":583,"column":0},"end":{"line":583,"column":68}},"583":{"start":{"line":584,"column":0},"end":{"line":584,"column":35}},"584":{"start":{"line":585,"column":0},"end":{"line":585,"column":33}},"585":{"start":{"line":586,"column":0},"end":{"line":586,"column":3}},"587":{"start":{"line":588,"column":0},"end":{"line":588,"column":60}},"588":{"start":{"line":589,"column":0},"end":{"line":589,"column":17}},"589":{"start":{"line":590,"column":0},"end":{"line":590,"column":54}},"590":{"start":{"line":591,"column":0},"end":{"line":591,"column":12}},"591":{"start":{"line":592,"column":0},"end":{"line":592,"column":31}},"592":{"start":{"line":593,"column":0},"end":{"line":593,"column":5}},"593":{"start":{"line":594,"column":0},"end":{"line":594,"column":52}},"594":{"start":{"line":595,"column":0},"end":{"line":595,"column":3}},"596":{"start":{"line":597,"column":0},"end":{"line":597,"column":16}},"597":{"start":{"line":598,"column":0},"end":{"line":598,"column":34}},"598":{"start":{"line":599,"column":0},"end":{"line":599,"column":3}},"600":{"start":{"line":601,"column":0},"end":{"line":601,"column":60}},"601":{"start":{"line":602,"column":0},"end":{"line":602,"column":46}},"602":{"start":{"line":603,"column":0},"end":{"line":603,"column":11}},"603":{"start":{"line":604,"column":0},"end":{"line":604,"column":65}},"604":{"start":{"line":605,"column":0},"end":{"line":605,"column":30}},"605":{"start":{"line":606,"column":0},"end":{"line":606,"column":47}},"606":{"start":{"line":607,"column":0},"end":{"line":607,"column":78}},"607":{"start":{"line":608,"column":0},"end":{"line":608,"column":91}},"608":{"start":{"line":609,"column":0},"end":{"line":609,"column":31}},"609":{"start":{"line":610,"column":0},"end":{"line":610,"column":26}},"610":{"start":{"line":611,"column":0},"end":{"line":611,"column":64}},"611":{"start":{"line":612,"column":0},"end":{"line":612,"column":7}},"612":{"start":{"line":613,"column":0},"end":{"line":613,"column":5}},"613":{"start":{"line":614,"column":0},"end":{"line":614,"column":60}},"614":{"start":{"line":615,"column":0},"end":{"line":615,"column":3}},"616":{"start":{"line":617,"column":0},"end":{"line":617,"column":20}},"617":{"start":{"line":618,"column":0},"end":{"line":618,"column":46}},"618":{"start":{"line":619,"column":0},"end":{"line":619,"column":48}},"619":{"start":{"line":620,"column":0},"end":{"line":620,"column":5}},"620":{"start":{"line":621,"column":0},"end":{"line":621,"column":45}},"621":{"start":{"line":622,"column":0},"end":{"line":622,"column":3}},"623":{"start":{"line":624,"column":0},"end":{"line":624,"column":18}},"624":{"start":{"line":625,"column":0},"end":{"line":625,"column":36}},"625":{"start":{"line":626,"column":0},"end":{"line":626,"column":29}},"626":{"start":{"line":627,"column":0},"end":{"line":627,"column":3}},"627":{"start":{"line":628,"column":0},"end":{"line":628,"column":1}}},"s":{"0":1,"4":2,"5":2,"6":2,"7":0,"8":0,"9":0,"10":2,"11":2,"12":0,"13":0,"14":0,"15":2,"16":2,"17":2,"18":2,"19":2,"20":2,"22":2,"23":2,"24":2,"25":2,"26":2,"27":2,"28":1,"29":1,"30":1,"32":1,"33":2,"34":0,"35":0,"36":0,"38":1,"39":1,"41":1,"42":1,"43":2,"44":2,"45":2,"46":2,"50":2,"53":2,"55":2,"57":0,"58":0,"59":0,"60":0,"61":0,"62":0,"67":0,"69":0,"70":0,"71":0,"72":0,"73":0,"77":0,"78":0,"79":0,"80":0,"81":0,"82":0,"83":0,"84":0,"85":0,"86":0,"88":0,"89":0,"90":0,"91":0,"92":0,"93":0,"94":0,"95":0,"96":0,"97":0,"100":0,"101":0,"102":0,"103":0,"104":0,"105":0,"106":0,"107":0,"109":0,"110":0,"111":0,"112":0,"113":2,"114":1,"115":1,"116":1,"117":2,"133":1,"134":1,"135":1,"136":1,"137":1,"138":1,"139":1,"140":1,"141":1,"142":1,"143":1,"144":1,"145":1,"146":1,"147":1,"148":1,"149":1,"150":1,"151":1,"152":1,"153":1,"154":1,"155":1,"156":1,"157":1,"158":1,"159":1,"160":1,"161":1,"162":1,"163":1,"164":1,"165":1,"166":1,"167":1,"168":1,"169":1,"170":1,"171":1,"172":1,"173":1,"174":1,"175":1,"176":1,"177":1,"178":1,"179":1,"180":1,"181":1,"182":1,"183":1,"184":1,"185":1,"186":1,"187":1,"188":1,"189":1,"190":1,"191":1,"192":1,"193":1,"194":1,"195":1,"196":1,"197":1,"198":1,"199":1,"200":1,"201":1,"202":1,"203":1,"204":1,"205":1,"206":1,"207":1,"209":1,"210":1,"211":1,"212":1,"213":1,"214":1,"215":1,"216":1,"219":1,"220":35,"221":35,"222":35,"223":35,"224":35,"225":1,"227":1,"230":1,"232":0,"233":0,"234":0,"235":0,"236":0,"237":0,"238":0,"239":0,"255":1,"272":1,"274":1,"277":1,"278":1,"280":1,"281":1,"283":1,"284":0,"285":0,"287":1,"288":0,"289":0,"291":1,"292":1,"294":1,"295":1,"296":4,"297":4,"298":4,"300":1,"301":4,"302":4,"303":4,"304":4,"306":1,"307":2,"308":2,"310":2,"311":2,"312":2,"313":0,"314":0,"315":0,"316":2,"319":2,"321":2,"323":2,"325":2,"326":2,"327":2,"330":2,"331":2,"332":2,"333":2,"334":2,"335":2,"336":2,"337":0,"338":0,"339":0,"340":0,"341":0,"342":2,"343":2,"344":2,"346":0,"347":2,"349":2,"350":0,"351":0,"352":0,"353":0,"354":0,"355":0,"356":0,"358":2,"359":2,"362":2,"363":2,"364":2,"366":1,"367":2,"368":2,"369":2,"370":2,"371":2,"372":2,"373":2,"374":2,"375":2,"377":2,"378":0,"379":0,"380":0,"382":2,"383":0,"384":0,"385":0,"387":2,"388":2,"391":2,"393":2,"394":2,"396":2,"397":1,"398":1,"399":1,"400":1,"402":1,"403":1,"404":1,"405":1,"406":1,"408":1,"410":1,"411":1,"412":1,"413":2,"414":2,"415":2,"417":2,"418":2,"419":2,"420":2,"421":2,"422":2,"424":1,"425":2,"426":2,"427":1,"428":1,"429":1,"430":2,"431":2,"432":2,"433":1,"434":1,"435":2,"437":0,"438":0,"439":0,"440":0,"441":0,"442":0,"444":0,"445":2,"446":1,"447":1,"448":1,"449":2,"450":1,"451":1,"452":2,"454":1,"455":0,"456":0,"457":0,"459":1,"460":0,"461":0,"462":0,"463":0,"464":0,"465":1,"467":1,"468":1,"469":11,"471":1,"472":11,"473":11,"474":11,"476":1,"478":1,"479":1,"481":1,"482":10,"483":10,"485":10,"486":2,"487":2,"489":8,"490":8,"491":8,"492":8,"493":8,"495":8,"496":8,"499":8,"500":8,"501":8,"502":8,"503":8,"504":8,"505":8,"506":8,"507":8,"508":8,"509":8,"510":8,"512":10,"513":1,"514":1,"515":1,"517":10,"518":10,"520":5,"521":5,"522":5,"524":5,"525":9,"526":7,"527":0,"528":0,"529":0,"530":0,"531":7,"532":7,"534":2,"535":2,"536":2,"538":7,"539":4,"540":2,"541":2,"543":2,"544":2,"545":2,"546":2,"547":2,"548":2,"549":2,"550":2,"552":0,"553":2,"554":4,"555":2,"556":10,"557":0,"558":0,"559":0,"560":0,"562":5,"563":5,"564":5,"565":5,"566":5,"568":5,"569":10,"571":1,"572":0,"573":0,"574":1,"576":1,"577":1,"578":20,"579":20,"580":20,"582":1,"583":20,"584":20,"585":20,"587":1,"588":0,"589":0,"590":0,"591":0,"592":0,"593":0,"594":0,"596":1,"597":1,"598":1,"600":1,"601":3,"602":2,"603":2,"604":2,"605":2,"606":2,"607":2,"608":2,"609":2,"610":2,"611":2,"612":2,"613":1,"614":3,"616":1,"617":1,"618":0,"619":0,"620":1,"621":1,"623":1,"624":1,"625":1,"626":1,"627":1},"branchMap":{"0":{"type":"branch","line":5,"loc":{"start":{"line":5,"column":0},"end":{"line":21,"column":1}},"locations":[{"start":{"line":5,"column":0},"end":{"line":21,"column":1}}]},"1":{"type":"branch","line":7,"loc":{"start":{"line":7,"column":52},"end":{"line":10,"column":3}},"locations":[{"start":{"line":7,"column":52},"end":{"line":10,"column":3}}]},"2":{"type":"branch","line":12,"loc":{"start":{"line":12,"column":16},"end":{"line":15,"column":3}},"locations":[{"start":{"line":12,"column":16},"end":{"line":15,"column":3}}]},"3":{"type":"branch","line":23,"loc":{"start":{"line":23,"column":0},"end":{"line":118,"column":1}},"locations":[{"start":{"line":23,"column":0},"end":{"line":118,"column":1}}]},"4":{"type":"branch","line":28,"loc":{"start":{"line":28,"column":14},"end":{"line":34,"column":18}},"locations":[{"start":{"line":28,"column":14},"end":{"line":34,"column":18}}]},"5":{"type":"branch","line":34,"loc":{"start":{"line":34,"column":18},"end":{"line":37,"column":5}},"locations":[{"start":{"line":34,"column":18},"end":{"line":37,"column":5}}]},"6":{"type":"branch","line":37,"loc":{"start":{"line":37,"column":4},"end":{"line":44,"column":44}},"locations":[{"start":{"line":37,"column":4},"end":{"line":44,"column":44}}]},"7":{"type":"branch","line":44,"loc":{"start":{"line":44,"column":36},"end":{"line":44,"column":54}},"locations":[{"start":{"line":44,"column":36},"end":{"line":44,"column":54}}]},"8":{"type":"branch","line":56,"loc":{"start":{"line":56,"column":36},"end":{"line":114,"column":11}},"locations":[{"start":{"line":56,"column":36},"end":{"line":114,"column":11}}]},"9":{"type":"branch","line":114,"loc":{"start":{"line":114,"column":2},"end":{"line":117,"column":3}},"locations":[{"start":{"line":114,"column":2},"end":{"line":117,"column":3}}]},"10":{"type":"branch","line":213,"loc":{"start":{"line":213,"column":50},"end":{"line":213,"column":112}},"locations":[{"start":{"line":213,"column":50},"end":{"line":213,"column":112}}]},"11":{"type":"branch","line":213,"loc":{"start":{"line":213,"column":79},"end":{"line":213,"column":111}},"locations":[{"start":{"line":213,"column":79},"end":{"line":213,"column":111}}]},"12":{"type":"branch","line":220,"loc":{"start":{"line":220,"column":67},"end":{"line":226,"column":2}},"locations":[{"start":{"line":220,"column":67},"end":{"line":226,"column":2}}]},"13":{"type":"branch","line":273,"loc":{"start":{"line":273,"column":7},"end":{"line":279,"column":1}},"locations":[{"start":{"line":273,"column":7},"end":{"line":279,"column":1}}]},"14":{"type":"branch","line":281,"loc":{"start":{"line":281,"column":7},"end":{"line":293,"column":1}},"locations":[{"start":{"line":281,"column":7},"end":{"line":293,"column":1}}]},"15":{"type":"branch","line":282,"loc":{"start":{"line":282,"column":50},"end":{"line":282,"column":72}},"locations":[{"start":{"line":282,"column":50},"end":{"line":282,"column":72}}]},"16":{"type":"branch","line":284,"loc":{"start":{"line":284,"column":36},"end":{"line":284,"column":87}},"locations":[{"start":{"line":284,"column":36},"end":{"line":284,"column":87}}]},"17":{"type":"branch","line":284,"loc":{"start":{"line":284,"column":87},"end":{"line":286,"column":3}},"locations":[{"start":{"line":284,"column":87},"end":{"line":286,"column":3}}]},"18":{"type":"branch","line":288,"loc":{"start":{"line":288,"column":48},"end":{"line":290,"column":3}},"locations":[{"start":{"line":288,"column":48},"end":{"line":290,"column":3}}]},"19":{"type":"branch","line":296,"loc":{"start":{"line":296,"column":10},"end":{"line":299,"column":31}},"locations":[{"start":{"line":296,"column":10},"end":{"line":299,"column":31}}]},"20":{"type":"branch","line":301,"loc":{"start":{"line":301,"column":2},"end":{"line":305,"column":3}},"locations":[{"start":{"line":301,"column":2},"end":{"line":305,"column":3}}]},"21":{"type":"branch","line":307,"loc":{"start":{"line":307,"column":2},"end":{"line":365,"column":3}},"locations":[{"start":{"line":307,"column":2},"end":{"line":365,"column":3}}]},"22":{"type":"branch","line":345,"loc":{"start":{"line":345,"column":7},"end":{"line":348,"column":13}},"locations":[{"start":{"line":345,"column":7},"end":{"line":348,"column":13}}]},"23":{"type":"branch","line":350,"loc":{"start":{"line":350,"column":23},"end":{"line":357,"column":7}},"locations":[{"start":{"line":350,"column":23},"end":{"line":357,"column":7}}]},"24":{"type":"branch","line":359,"loc":{"start":{"line":359,"column":58},"end":{"line":359,"column":82}},"locations":[{"start":{"line":359,"column":58},"end":{"line":359,"column":82}}]},"25":{"type":"branch","line":336,"loc":{"start":{"line":336,"column":27},"end":{"line":344,"column":9}},"locations":[{"start":{"line":336,"column":27},"end":{"line":344,"column":9}}]},"26":{"type":"branch","line":367,"loc":{"start":{"line":367,"column":2},"end":{"line":453,"column":3}},"locations":[{"start":{"line":367,"column":2},"end":{"line":453,"column":3}}]},"27":{"type":"branch","line":372,"loc":{"start":{"line":372,"column":29},"end":{"line":372,"column":48}},"locations":[{"start":{"line":372,"column":29},"end":{"line":372,"column":48}}]},"28":{"type":"branch","line":378,"loc":{"start":{"line":378,"column":22},"end":{"line":381,"column":5}},"locations":[{"start":{"line":378,"column":22},"end":{"line":381,"column":5}}]},"29":{"type":"branch","line":383,"loc":{"start":{"line":383,"column":27},"end":{"line":386,"column":5}},"locations":[{"start":{"line":383,"column":27},"end":{"line":386,"column":5}}]},"30":{"type":"branch","line":397,"loc":{"start":{"line":397,"column":25},"end":{"line":414,"column":27}},"locations":[{"start":{"line":397,"column":25},"end":{"line":414,"column":27}}]},"31":{"type":"branch","line":414,"loc":{"start":{"line":414,"column":19},"end":{"line":414,"column":45}},"locations":[{"start":{"line":414,"column":19},"end":{"line":414,"column":45}}]},"32":{"type":"branch","line":422,"loc":{"start":{"line":422,"column":11},"end":{"line":422,"column":37}},"locations":[{"start":{"line":422,"column":11},"end":{"line":422,"column":37}}]},"33":{"type":"branch","line":423,"loc":{"start":{"line":423,"column":7},"end":{"line":426,"column":40}},"locations":[{"start":{"line":423,"column":7},"end":{"line":426,"column":40}}]},"34":{"type":"branch","line":427,"loc":{"start":{"line":427,"column":29},"end":{"line":431,"column":60}},"locations":[{"start":{"line":427,"column":29},"end":{"line":431,"column":60}}]},"35":{"type":"branch","line":431,"loc":{"start":{"line":431,"column":49},"end":{"line":431,"column":63}},"locations":[{"start":{"line":431,"column":49},"end":{"line":431,"column":63}}]},"36":{"type":"branch","line":433,"loc":{"start":{"line":433,"column":21},"end":{"line":435,"column":9}},"locations":[{"start":{"line":433,"column":21},"end":{"line":435,"column":9}}]},"37":{"type":"branch","line":436,"loc":{"start":{"line":436,"column":6},"end":{"line":446,"column":13}},"locations":[{"start":{"line":436,"column":6},"end":{"line":446,"column":13}}]},"38":{"type":"branch","line":446,"loc":{"start":{"line":446,"column":4},"end":{"line":450,"column":6}},"locations":[{"start":{"line":446,"column":4},"end":{"line":450,"column":6}}]},"39":{"type":"branch","line":450,"loc":{"start":{"line":450,"column":4},"end":{"line":450,"column":6}},"locations":[{"start":{"line":450,"column":4},"end":{"line":450,"column":6}}]},"40":{"type":"branch","line":450,"loc":{"start":{"line":450,"column":4},"end":{"line":452,"column":5}},"locations":[{"start":{"line":450,"column":4},"end":{"line":452,"column":5}}]},"41":{"type":"branch","line":392,"loc":{"start":{"line":392,"column":22},"end":{"line":392,"column":74}},"locations":[{"start":{"line":392,"column":22},"end":{"line":392,"column":74}}]},"42":{"type":"branch","line":409,"loc":{"start":{"line":409,"column":42},"end":{"line":409,"column":74}},"locations":[{"start":{"line":409,"column":42},"end":{"line":409,"column":74}}]},"43":{"type":"branch","line":469,"loc":{"start":{"line":469,"column":10},"end":{"line":470,"column":24}},"locations":[{"start":{"line":469,"column":10},"end":{"line":470,"column":24}}]},"44":{"type":"branch","line":472,"loc":{"start":{"line":472,"column":2},"end":{"line":475,"column":3}},"locations":[{"start":{"line":472,"column":2},"end":{"line":475,"column":3}}]},"45":{"type":"branch","line":477,"loc":{"start":{"line":477,"column":2},"end":{"line":480,"column":3}},"locations":[{"start":{"line":477,"column":2},"end":{"line":480,"column":3}}]},"46":{"type":"branch","line":482,"loc":{"start":{"line":482,"column":2},"end":{"line":570,"column":3}},"locations":[{"start":{"line":482,"column":2},"end":{"line":570,"column":3}}]},"47":{"type":"branch","line":484,"loc":{"start":{"line":484,"column":25},"end":{"line":484,"column":65}},"locations":[{"start":{"line":484,"column":25},"end":{"line":484,"column":65}}]},"48":{"type":"branch","line":486,"loc":{"start":{"line":486,"column":8},"end":{"line":486,"column":25}},"locations":[{"start":{"line":486,"column":8},"end":{"line":486,"column":25}}]},"49":{"type":"branch","line":486,"loc":{"start":{"line":486,"column":25},"end":{"line":513,"column":22}},"locations":[{"start":{"line":486,"column":25},"end":{"line":513,"column":22}}]},"50":{"type":"branch","line":486,"loc":{"start":{"line":486,"column":25},"end":{"line":488,"column":5}},"locations":[{"start":{"line":486,"column":25},"end":{"line":488,"column":5}}]},"51":{"type":"branch","line":488,"loc":{"start":{"line":488,"column":4},"end":{"line":511,"column":7}},"locations":[{"start":{"line":488,"column":4},"end":{"line":511,"column":7}}]},"52":{"type":"branch","line":511,"loc":{"start":{"line":511,"column":5},"end":{"line":513,"column":22}},"locations":[{"start":{"line":511,"column":5},"end":{"line":513,"column":22}}]},"53":{"type":"branch","line":513,"loc":{"start":{"line":513,"column":22},"end":{"line":516,"column":5}},"locations":[{"start":{"line":513,"column":22},"end":{"line":516,"column":5}}]},"54":{"type":"branch","line":515,"loc":{"start":{"line":515,"column":63},"end":{"line":515,"column":93}},"locations":[{"start":{"line":515,"column":63},"end":{"line":515,"column":93}}]},"55":{"type":"branch","line":516,"loc":{"start":{"line":516,"column":4},"end":{"line":518,"column":44}},"locations":[{"start":{"line":516,"column":4},"end":{"line":518,"column":44}}]},"56":{"type":"branch","line":516,"loc":{"start":{"line":516,"column":4},"end":{"line":518,"column":34}},"locations":[{"start":{"line":516,"column":4},"end":{"line":518,"column":34}}]},"57":{"type":"branch","line":518,"loc":{"start":{"line":518,"column":28},"end":{"line":518,"column":44}},"locations":[{"start":{"line":518,"column":28},"end":{"line":518,"column":44}}]},"58":{"type":"branch","line":519,"loc":{"start":{"line":519,"column":17},"end":{"line":519,"column":76}},"locations":[{"start":{"line":519,"column":17},"end":{"line":519,"column":76}}]},"59":{"type":"branch","line":519,"loc":{"start":{"line":519,"column":74},"end":{"line":556,"column":7}},"locations":[{"start":{"line":519,"column":74},"end":{"line":556,"column":7}}]},"60":{"type":"branch","line":519,"loc":{"start":{"line":519,"column":74},"end":{"line":526,"column":19}},"locations":[{"start":{"line":519,"column":74},"end":{"line":526,"column":19}}]},"61":{"type":"branch","line":526,"loc":{"start":{"line":526,"column":19},"end":{"line":556,"column":7}},"locations":[{"start":{"line":526,"column":19},"end":{"line":556,"column":7}}]},"62":{"type":"branch","line":527,"loc":{"start":{"line":527,"column":12},"end":{"line":527,"column":29}},"locations":[{"start":{"line":527,"column":12},"end":{"line":527,"column":29}}]},"63":{"type":"branch","line":527,"loc":{"start":{"line":527,"column":29},"end":{"line":531,"column":9}},"locations":[{"start":{"line":527,"column":29},"end":{"line":531,"column":9}}]},"64":{"type":"branch","line":533,"loc":{"start":{"line":533,"column":18},"end":{"line":533,"column":24}},"locations":[{"start":{"line":533,"column":18},"end":{"line":533,"column":24}}]},"65":{"type":"branch","line":533,"loc":{"start":{"line":533,"column":18},"end":{"line":537,"column":37}},"locations":[{"start":{"line":533,"column":18},"end":{"line":537,"column":37}}]},"66":{"type":"branch","line":539,"loc":{"start":{"line":539,"column":34},"end":{"line":556,"column":7}},"locations":[{"start":{"line":539,"column":34},"end":{"line":556,"column":7}}]},"67":{"type":"branch","line":539,"loc":{"start":{"line":539,"column":34},"end":{"line":555,"column":9}},"locations":[{"start":{"line":539,"column":34},"end":{"line":555,"column":9}}]},"68":{"type":"branch","line":540,"loc":{"start":{"line":540,"column":41},"end":{"line":554,"column":11}},"locations":[{"start":{"line":540,"column":41},"end":{"line":554,"column":11}}]},"69":{"type":"branch","line":542,"loc":{"start":{"line":542,"column":35},"end":{"line":542,"column":41}},"locations":[{"start":{"line":542,"column":35},"end":{"line":542,"column":41}}]},"70":{"type":"branch","line":546,"loc":{"start":{"line":546,"column":56},"end":{"line":546,"column":70}},"locations":[{"start":{"line":546,"column":56},"end":{"line":546,"column":70}}]},"71":{"type":"branch","line":551,"loc":{"start":{"line":551,"column":12},"end":{"line":553,"column":13}},"locations":[{"start":{"line":551,"column":12},"end":{"line":553,"column":13}}]},"72":{"type":"branch","line":555,"loc":{"start":{"line":555,"column":8},"end":{"line":556,"column":7}},"locations":[{"start":{"line":555,"column":8},"end":{"line":556,"column":7}}]},"73":{"type":"branch","line":557,"loc":{"start":{"line":557,"column":4},"end":{"line":561,"column":5}},"locations":[{"start":{"line":557,"column":4},"end":{"line":561,"column":5}}]},"74":{"type":"branch","line":561,"loc":{"start":{"line":561,"column":4},"end":{"line":569,"column":20}},"locations":[{"start":{"line":561,"column":4},"end":{"line":569,"column":20}}]},"75":{"type":"branch","line":578,"loc":{"start":{"line":578,"column":10},"end":{"line":581,"column":33}},"locations":[{"start":{"line":578,"column":10},"end":{"line":581,"column":33}}]},"76":{"type":"branch","line":583,"loc":{"start":{"line":583,"column":2},"end":{"line":586,"column":3}},"locations":[{"start":{"line":583,"column":2},"end":{"line":586,"column":3}}]},"77":{"type":"branch","line":597,"loc":{"start":{"line":597,"column":2},"end":{"line":599,"column":3}},"locations":[{"start":{"line":597,"column":2},"end":{"line":599,"column":3}}]},"78":{"type":"branch","line":601,"loc":{"start":{"line":601,"column":2},"end":{"line":615,"column":3}},"locations":[{"start":{"line":601,"column":2},"end":{"line":615,"column":3}}]},"79":{"type":"branch","line":602,"loc":{"start":{"line":602,"column":13},"end":{"line":602,"column":45}},"locations":[{"start":{"line":602,"column":13},"end":{"line":602,"column":45}}]},"80":{"type":"branch","line":602,"loc":{"start":{"line":602,"column":45},"end":{"line":613,"column":5}},"locations":[{"start":{"line":602,"column":45},"end":{"line":613,"column":5}}]},"81":{"type":"branch","line":606,"loc":{"start":{"line":606,"column":37},"end":{"line":607,"column":66}},"locations":[{"start":{"line":606,"column":37},"end":{"line":607,"column":66}}]},"82":{"type":"branch","line":607,"loc":{"start":{"line":607,"column":56},"end":{"line":607,"column":78}},"locations":[{"start":{"line":607,"column":56},"end":{"line":607,"column":78}}]},"83":{"type":"branch","line":613,"loc":{"start":{"line":613,"column":4},"end":{"line":614,"column":60}},"locations":[{"start":{"line":613,"column":4},"end":{"line":614,"column":60}}]},"84":{"type":"branch","line":617,"loc":{"start":{"line":617,"column":2},"end":{"line":622,"column":3}},"locations":[{"start":{"line":617,"column":2},"end":{"line":622,"column":3}}]},"85":{"type":"branch","line":618,"loc":{"start":{"line":618,"column":13},"end":{"line":618,"column":45}},"locations":[{"start":{"line":618,"column":13},"end":{"line":618,"column":45}}]},"86":{"type":"branch","line":618,"loc":{"start":{"line":618,"column":45},"end":{"line":620,"column":5}},"locations":[{"start":{"line":618,"column":45},"end":{"line":620,"column":5}}]},"87":{"type":"branch","line":624,"loc":{"start":{"line":624,"column":2},"end":{"line":627,"column":3}},"locations":[{"start":{"line":624,"column":2},"end":{"line":627,"column":3}}]}},"b":{"0":[2],"1":[0],"2":[0],"3":[2],"4":[1],"5":[0],"6":[1],"7":[0],"8":[0],"9":[1],"10":[556],"11":[2740],"12":[35],"13":[1],"14":[1],"15":[0],"16":[0],"17":[0],"18":[0],"19":[4],"20":[4],"21":[2],"22":[0],"23":[0],"24":[0],"25":[2],"26":[2],"27":[0],"28":[0],"29":[0],"30":[1],"31":[0],"32":[0],"33":[1],"34":[1],"35":[0],"36":[1],"37":[0],"38":[1],"39":[0],"40":[1],"41":[2],"42":[5],"43":[11],"44":[11],"45":[1],"46":[10],"47":[9],"48":[3],"49":[9],"50":[2],"51":[8],"52":[7],"53":[1],"54":[0],"55":[9],"56":[6],"57":[5],"58":[1],"59":[9],"60":[5],"61":[7],"62":[1],"63":[0],"64":[5],"65":[2],"66":[6],"67":[4],"68":[2],"69":[0],"70":[0],"71":[0],"72":[2],"73":[0],"74":[5],"75":[20],"76":[20],"77":[1],"78":[3],"79":[2],"80":[2],"81":[1],"82":[0],"83":[1],"84":[1],"85":[0],"86":[0],"87":[1]},"fnMap":{"0":{"name":"checkWebGPU","decl":{"start":{"line":5,"column":0},"end":{"line":21,"column":1}},"loc":{"start":{"line":5,"column":0},"end":{"line":21,"column":1}},"line":5},"1":{"name":"detectBestModel","decl":{"start":{"line":23,"column":0},"end":{"line":118,"column":1}},"loc":{"start":{"line":23,"column":0},"end":{"line":118,"column":1}},"line":23},"2":{"name":"getSortedModelList","decl":{"start":{"line":233,"column":0},"end":{"line":240,"column":1}},"loc":{"start":{"line":233,"column":0},"end":{"line":240,"column":1}},"line":233},"3":{"name":"fixMessage","decl":{"start":{"line":273,"column":7},"end":{"line":279,"column":1}},"loc":{"start":{"line":273,"column":7},"end":{"line":279,"column":1}},"line":273},"4":{"name":"mapError","decl":{"start":{"line":281,"column":7},"end":{"line":293,"column":1}},"loc":{"start":{"line":281,"column":7},"end":{"line":293,"column":1}},"line":281},"5":{"name":"<instance_members_initializer>","decl":{"start":{"line":296,"column":10},"end":{"line":299,"column":31}},"loc":{"start":{"line":296,"column":10},"end":{"line":299,"column":31}},"line":296},"6":{"name":"LocalLLMEngine","decl":{"start":{"line":301,"column":2},"end":{"line":305,"column":3}},"loc":{"start":{"line":301,"column":2},"end":{"line":305,"column":3}},"line":301},"7":{"name":"init","decl":{"start":{"line":307,"column":2},"end":{"line":365,"column":3}},"loc":{"start":{"line":307,"column":2},"end":{"line":365,"column":3}},"line":307},"8":{"name":"initProgressCallback","decl":{"start":{"line":313,"column":28},"end":{"line":316,"column":8}},"loc":{"start":{"line":313,"column":28},"end":{"line":316,"column":8}},"line":313},"9":{"name":"generate","decl":{"start":{"line":367,"column":2},"end":{"line":453,"column":3}},"loc":{"start":{"line":367,"column":2},"end":{"line":453,"column":3}},"line":367},"10":{"name":"onToken.onToken","decl":{"start":{"line":392,"column":22},"end":{"line":392,"column":74}},"loc":{"start":{"line":392,"column":22},"end":{"line":392,"column":74}},"line":392},"11":{"name":"getStats","decl":{"start":{"line":455,"column":2},"end":{"line":458,"column":3}},"loc":{"start":{"line":455,"column":2},"end":{"line":458,"column":3}},"line":455},"12":{"name":"unload","decl":{"start":{"line":460,"column":2},"end":{"line":465,"column":3}},"loc":{"start":{"line":460,"column":2},"end":{"line":465,"column":3}},"line":460},"13":{"name":"<instance_members_initializer>","decl":{"start":{"line":469,"column":10},"end":{"line":470,"column":24}},"loc":{"start":{"line":469,"column":10},"end":{"line":470,"column":24}},"line":469},"14":{"name":"OnlineLLMEngine","decl":{"start":{"line":472,"column":2},"end":{"line":475,"column":3}},"loc":{"start":{"line":472,"column":2},"end":{"line":475,"column":3}},"line":472},"15":{"name":"init","decl":{"start":{"line":477,"column":2},"end":{"line":480,"column":3}},"loc":{"start":{"line":477,"column":2},"end":{"line":480,"column":3}},"line":477},"16":{"name":"generate","decl":{"start":{"line":482,"column":2},"end":{"line":570,"column":3}},"loc":{"start":{"line":482,"column":2},"end":{"line":570,"column":3}},"line":482},"17":{"name":"getStats","decl":{"start":{"line":572,"column":2},"end":{"line":574,"column":3}},"loc":{"start":{"line":572,"column":2},"end":{"line":574,"column":3}},"line":572},"18":{"name":"<instance_members_initializer>","decl":{"start":{"line":578,"column":10},"end":{"line":581,"column":33}},"loc":{"start":{"line":578,"column":10},"end":{"line":581,"column":33}},"line":578},"19":{"name":"HybridLLMEngine","decl":{"start":{"line":583,"column":2},"end":{"line":586,"column":3}},"loc":{"start":{"line":583,"column":2},"end":{"line":586,"column":3}},"line":583},"20":{"name":"setOnlineConfig","decl":{"start":{"line":588,"column":2},"end":{"line":595,"column":3}},"loc":{"start":{"line":588,"column":2},"end":{"line":595,"column":3}},"line":588},"21":{"name":"init","decl":{"start":{"line":597,"column":2},"end":{"line":599,"column":3}},"loc":{"start":{"line":597,"column":2},"end":{"line":599,"column":3}},"line":597},"22":{"name":"generate","decl":{"start":{"line":601,"column":2},"end":{"line":615,"column":3}},"loc":{"start":{"line":601,"column":2},"end":{"line":615,"column":3}},"line":601},"23":{"name":"getStats","decl":{"start":{"line":617,"column":2},"end":{"line":622,"column":3}},"loc":{"start":{"line":617,"column":2},"end":{"line":622,"column":3}},"line":617},"24":{"name":"unload","decl":{"start":{"line":624,"column":2},"end":{"line":627,"column":3}},"loc":{"start":{"line":624,"column":2},"end":{"line":627,"column":3}},"line":624}},"f":{"0":2,"1":2,"2":0,"3":1,"4":1,"5":4,"6":4,"7":2,"8":0,"9":2,"10":2,"11":0,"12":0,"13":11,"14":11,"15":1,"16":10,"17":0,"18":20,"19":20,"20":0,"21":1,"22":3,"23":1,"24":1}}
[...]
0},"end":{"line":165,"column":23}},"165":{"start":{"line":166,"column":0},"end":{"line":166,"column":41}},"166":{"start":{"line":167,"column":0},"end":{"line":167,"column":76}},"169":{"start":{"line":170,"column":0},"end":{"line":170,"column":54}},"170":{"start":{"line":171,"column":0},"end":{"line":171,"column":9}},"172":{"start":{"line":173,"column":0},"end":{"line":173,"column":23}},"174":{"start":{"line":175,"column":0},"end":{"line":175,"column":102}},"175":{"start":{"line":176,"column":0},"end":{"line":176,"column":7}},"176":{"start":{"line":177,"column":0},"end":{"line":177,"column":5}},"178":{"start":{"line":179,"column":0},"end":{"line":179,"column":21}},"179":{"start":{"line":180,"column":0},"end":{"line":180,"column":3}},"184":{"start":{"line":185,"column":0},"end":{"line":185,"column":167}},"185":{"start":{"line":186,"column":0},"end":{"line":186,"column":21}},"186":{"start":{"line":187,"column":0},"end":{"line":187,"column":24}},"187":{"start":{"line":188,"column":0},"end":{"line":188,"column":41}},"188":{"start":{"line":189,"column":0},"end":{"line":189,"column":58}},"189":{"start":{"line":190,"column":0},"end":{"line":190,"column":9}},"190":{"start":{"line":191,"column":0},"end":{"line":191,"column":39}},"191":{"start":{"line":192,"column":0},"end":{"line":192,"column":20}},"194":{"start":{"line":195,"column":0},"end":{"line":195,"column":41}},"195":{"start":{"line":196,"column":0},"end":{"line":196,"column":24}},"196":{"start":{"line":197,"column":0},"end":{"line":197,"column":9}},"197":{"start":{"line":198,"column":0},"end":{"line":198,"column":56}},"198":{"start":{"line":199,"column":0},"end":{"line":199,"column":14}},"199":{"start":{"line":200,"column":0},"end":{"line":200,"column":20}},"200":{"start":{"line":201,"column":0},"end":{"line":201,"column":5}},"201":{"start":{"line":202,"column":0},"end":{"line":202,"column":3}},"206":{"start":{"line":207,"column":0},"end":{"line":207,"column":80}},"207":{"start":{"line":208,"column":0},"end":{"line":208,"column":57}},"209":{"start":{"line":210,"column":0},"end":{"line":210,"column":66}},"212":{"start":{"line":213,"column":0},"end":{"line":213,"column":26}},"213":{"start":{"line":214,"column":0},"end":{"line":214,"column":9}},"214":{"start":{"line":215,"column":0},"end":{"line":215,"column":66}},"215":{"start":{"line":216,"column":0},"end":{"line":216,"column":30}},"216":{"start":{"line":217,"column":0},"end":{"line":217,"column":84}},"217":{"start":{"line":218,"column":0},"end":{"line":218,"column":90}},"218":{"start":{"line":219,"column":0},"end":{"line":219,"column":18}},"219":{"start":{"line":220,"column":0},"end":{"line":220,"column":5}},"222":{"start":{"line":223,"column":0},"end":{"line":223,"column":45}},"223":{"start":{"line":224,"column":0},"end":{"line":224,"column":40}},"224":{"start":{"line":225,"column":0},"end":{"line":225,"column":25}},"225":{"start":{"line":226,"column":0},"end":{"line":226,"column":70}},"226":{"start":{"line":227,"column":0},"end":{"line":227,"column":21}},"228":{"start":{"line":229,"column":0},"end":{"line":229,"column":37}},"230":{"start":{"line":231,"column":0},"end":{"line":231,"column":44}},"231":{"start":{"line":232,"column":0},"end":{"line":232,"column":72}},"233":{"start":{"line":234,"column":0},"end":{"line":234,"column":11}},"234":{"start":{"line":235,"column":0},"end":{"line":235,"column":86}},"236":{"start":{"line":237,"column":0},"end":{"line":237,"column":48}},"237":{"start":{"line":238,"column":0},"end":{"line":238,"column":36}},"238":{"start":{"line":239,"column":0},"end":{"line":239,"column":20}},"239":{"start":{"line":240,"column":0},"end":{"line":240,"column":64}},"240":{"start":{"line":241,"column":0},"end":{"line":241,"column":48}},"241":{"start":{"line":242,"column":0},"end":{"line":242,"column":11}},"242":{"start":{"line":243,"column":0},"end":{"line":243,"column":11}},"244":{"start":{"line":245,"column":0},"end":{"line":245,"column":27}},"245":{"start":{"line":246,"column":0},"end":{"line":246,"column":77}},"246":{"start":{"line":247,"column":0},"end":{"line":247,"column":57}},"247":{"start":{"line":248,"column":0},"end":{"line":248,"column":77}},"248":{"start":{"line":249,"column":0},"end":{"line":249,"column":36}},"249":{"start":{"line":250,"column":0},"end":{"line":250,"column":43}},"250":{"start":{"line":251,"column":0},"end":{"line":251,"column":13}},"251":{"start":{"line":252,"column":0},"end":{"line":252,"column":19}},"252":{"start":{"line":253,"column":0},"end":{"line":253,"column":9}},"255":{"start":{"line":256,"column":0},"end":{"line":256,"column":114}},"256":{"start":{"line":257,"column":0},"end":{"line":257,"column":71}},"258":{"start":{"line":259,"column":0},"end":{"line":259,"column":13}},"259":{"start":{"line":260,"column":0},"end":{"line":260,"column":57}},"260":{"start":{"line":261,"column":0},"end":{"line":261,"column":43}},"261":{"start":{"line":262,"column":0},"end":{"line":262,"column":18}},"262":{"start":{"line":263,"column":0},"end":{"line":263,"column":43}},"263":{"start":{"line":264,"column":0},"end":{"line":264,"column":11}},"264":{"start":{"line":265,"column":0},"end":{"line":265,"column":39}},"265":{"start":{"line":266,"column":0},"end":{"line":266,"column":57}},"266":{"start":{"line":267,"column":0},"end":{"line":267,"column":85}},"267":{"start":{"line":268,"column":0},"end":{"line":268,"column":19}},"268":{"start":{"line":269,"column":0},"end":{"line":269,"column":9}},"271":{"start":{"line":272,"column":0},"end":{"line":272,"column":72}},"273":{"start":{"line":274,"column":0},"end":{"line":274,"column":31}},"274":{"start":{"line":275,"column":0},"end":{"line":275,"column":63}},"275":{"start":{"line":276,"column":0},"end":{"line":276,"column":99}},"276":{"start":{"line":277,"column":0},"end":{"line":277,"column":19}},"277":{"start":{"line":278,"column":0},"end":{"line":278,"column":9}},"280":{"start":{"line":281,"column":0},"end":{"line":281,"column":44}},"281":{"start":{"line":282,"column":0},"end":{"line":282,"column":88}},"282":{"start":{"line":283,"column":0},"end":{"line":283,"column":33}},"283":{"start":{"line":284,"column":0},"end":{"line":284,"column":33}},"284":{"start":{"line":285,"column":0},"end":{"line":285,"column":13}},"285":{"start":{"line":286,"column":0},"end":{"line":286,"column":99}},"286":{"start":{"line":287,"column":0},"end":{"line":287,"column":9}},"289":{"start":{"line":290,"column":0},"end":{"line":290,"column":35}},"290":{"start":{"line":291,"column":0},"end":{"line":291,"column":50}},"291":{"start":{"line":292,"column":0},"end":{"line":292,"column":9}},"293":{"start":{"line":294,"column":0},"end":{"line":294,"column":32}},"294":{"start":{"line":295,"column":0},"end":{"line":295,"column":79}},"295":{"start":{"line":296,"column":0},"end":{"line":296,"column":30}},"296":{"start":{"line":297,"column":0},"end":{"line":297,"column":11}},"298":{"start":{"line":299,"column":0},"end":{"line":299,"column":23}},"300":{"start":{"line":301,"column":0},"end":{"line":301,"column":30}},"301":{"start":{"line":302,"column":0},"end":{"line":302,"column":64}},"302":{"start":{"line":303,"column":0},"end":{"line":303,"column":53}},"303":{"start":{"line":304,"column":0},"end":{"line":304,"column":71}},"304":{"start":{"line":305,"column":0},"end":{"line":305,"column":16}},"305":{"start":{"line":306,"column":0},"end":{"line":306,"column":84}},"306":{"start":{"line":307,"column":0},"end":{"line":307,"column":61}},"307":{"start":{"line":308,"column":0},"end":{"line":308,"column":69}},"308":{"start":{"line":309,"column":0},"end":{"line":309,"column":32}},"309":{"start":{"line":310,"column":0},"end":{"line":310,"column":61}},"310":{"start":{"line":311,"column":0},"end":{"line":311,"column":13}},"311":{"start":{"line":312,"column":0},"end":{"line":312,"column":9}},"312":{"start":{"line":313,"column":0},"end":{"line":313,"column":17}},"313":{"start":{"line":314,"column":0},"end":{"line":314,"column":7}},"314":{"start":{"line":315,"column":0},"end":{"line":315,"column":5}},"316":{"start":{"line":317,"column":0},"end":{"line":317,"column":28}},"319":{"start":{"line":320,"column":0},"end":{"line":320,"column":48}},"320":{"start":{"line":321,"column":0},"end":{"line":321,"column":61}},"321":{"start":{"line":322,"column":0},"end":{"line":322,"column":10}},"322":{"start":{"line":323,"column":0},"end":{"line":323,"column":25}},"323":{"start":{"line":324,"column":0},"end":{"line":324,"column":7}},"325":{"start":{"line":326,"column":0},"end":{"line":326,"column":91}},"326":{"start":{"line":327,"column":0},"end":{"line":327,"column":3}},"327":{"start":{"line":328,"column":0},"end":{"line":328,"column":1}}},"s":{"0":1,"14":1,"15":1,"16":9,"17":9,"18":9,"19":9,"20":9,"22":9,"23":9,"24":9,"25":9,"26":9,"27":9,"28":9,"29":9,"30":9,"31":9,"32":9,"33":9,"34":9,"35":9,"36":9,"37":9,"38":9,"43":1,"44":2,"45":2,"48":2,"49":0,"50":0,"53":2,"54":2,"55":2,"56":2,"57":2,"58":2,"59":2,"61":2,"62":2,"63":0,"64":0,"67":2,"68":0,"69":0,"71":2,"72":2,"73":0,"74":0,"75":0,"76":0,"77":0,"78":2,"83":1,"85":2,"86":2,"87":2,"88":2,"89":2,"90":2,"91":2,"92":2,"93":2,"95":2,"96":2,"102":1,"104":15,"106":15,"108":15,"110":15,"111":15,"113":15,"114":15,"116":15,"117":15,"118":15,"119":15,"120":15,"121":15,"123":15,"125":15,"127":15,"130":15,"131":15,"132":15,"133":15,"136":15,"137":15,"140":15,"141":15,"143":1,"144":1,"145":1,"146":1,"147":1,"150":1,"151":0,"152":0,"153":1,"154":1,"155":1,"156":1,"157":1,"158":15,"161":15,"164":15,"165":14,"166":15,"169":0,"170":0,"172":15,"174":1,"175":1,"176":15,"178":15,"179":15,"184":1,"185":13,"186":13,"187":5,"188":3,"189":3,"190":3,"191":13,"194":7,"195":4,"196":4,"197":7,"198":13,"199":1,"200":13,"201":13,"206":1,"207":2,"209":2,"212":2,"213":2,"214":2,"215":2,"216":0,"217":0,"218":0,"219":0,"222":2,"223":2,"224":0,"225":0,"226":2,"228":2,"230":2,"231":5,"233":5,"234":5,"236":5,"237":5,"238":5,"239":5,"240":5,"241":5,"242":5,"244":5,"245":0,"246":0,"247":0,"248":0,"249":0,"250":0,"251":0,"252":0,"255":5,"256":5,"258":5,"259":5,"260":0,"261":5,"262":5,"263":5,"264":5,"265":0,"266":0,"267":0,"268":0,"271":5,"273":5,"274":2,"275":2,"276":2,"277":2,"280":5,"281":0,"282":0,"283":0,"284":0,"285":0,"286":0,"289":3,"290":3,"291":3,"293":1,"294":1,"295":1,"296":1,"298":1,"300":5,"301":2,"302":0,"303":0,"304":2,"305":2,"306":2,"307":2,"308":2,"309":2,"310":2,"311":2,"312":2,"313":2,"314":5,"316":1,"319":1,"320":1,"321":1,"322":1,"323":1,"325":1,"326":2,"327":1},"branchMap":{"0":{"type":"branch","line":16,"loc":{"start":{"line":16,"column":2},"end":{"line":39,"column":4}},"locations":[{"start":{"line":16,"column":2},"end":{"line":39,"column":4}}]},"1":{"type":"branch","line":44,"loc":{"start":{"line":44,"column":17},"end":{"line":79,"column":3}},"locations":[{"start":{"line":44,"column":17},"end":{"line":79,"column":3}}]},"2":{"type":"branch","line":49,"loc":{"start":{"line":49,"column":58},"end":{"line":51,"column":7}},"locations":[{"start":{"line":49,"column":58},"end":{"line":51,"column":7}}]},"3":{"type":"branch","line":63,"loc":{"start":{"line":63,"column":43},"end":{"line":65,"column":7}},"locations":[{"start":{"line":63,"column":43},"end":{"line":65,"column":7}}]},"4":{"type":"branch","line":68,"loc":{"start":{"line":68,"column":38},"end":{"line":70,"column":7}},"locations":[{"start":{"line":68,"column":38},"end":{"line":70,"column":7}}]},"5":{"type":"branch","line":73,"loc":{"start":{"line":73,"column":4},"end":{"line":78,"column":5}},"locations":[{"start":{"line":73,"column":4},"end":{"line":78,"column":5}}]},"6":{"type":"branch","line":84,"loc":{"start":{"line":84,"column":17},"end":{"line":97,"column":3}},"locations":[{"start":{"line":84,"column":17},"end":{"line":97,"column":3}}]},"7":{"type":"branch","line":96,"loc":{"start":{"line":96,"column":32},"end":{"line":96,"column":65}},"locations":[{"start":{"line":96,"column":32},"end":{"line":96,"column":65}}]},"8":{"type":"branch","line":103,"loc":{"start":{"line":103,"column":9},"end":{"line":180,"column":3}},"locations":[{"start":{"line":103,"column":9},"end":{"line":180,"column":3}}]},"9":{"type":"branch","line":165,"loc":{"start":{"line":165,"column":22},"end":{"line":167,"column":19}},"locations":[{"start":{"line":165,"column":22},"end":{"line":167,"column":19}}]},"10":{"type":"branch","line":167,"loc":{"start":{"line":167,"column":8},"end":{"line":171,"column":9}},"locations":[{"start":{"line":167,"column":8},"end":{"line":171,"column":9}}]},"11":{"type":"branch","line":173,"loc":{"start":{"line":173,"column":6},"end":{"line":176,"column":7}},"locations":[{"start":{"line":173,"column":6},"end":{"line":176,"column":7}}]},"12":{"type":"branch","line":142,"loc":{"start":{"line":142,"column":34},"end":{"line":159,"column":9}},"locations":[{"start":{"line":142,"column":34},"end":{"line":159,"column":9}}]},"13":{"type":"branch","line":151,"loc":{"start":{"line":151,"column":42},"end":{"line":152,"column":55}},"locations":[{"start":{"line":151,"column":42},"end":{"line":152,"column":55}}]},"14":{"type":"branch","line":152,"loc":{"start":{"line":152,"column":50},"end":{"line":153,"column":52}},"locations":[{"start":{"line":152,"column":50},"end":{"line":153,"column":52}}]},"15":{"type":"branch","line":153,"loc":{"start":{"line":153,"column":48},"end":{"line":154,"column":56}},"locations":[{"start":{"line":153,"column":48},"end":{"line":154,"column":56}}]},"16":{"type":"branch","line":185,"loc":{"start":{"line":185,"column":17},"end":{"line":202,"column":3}},"locations":[{"start":{"line":185,"column":17},"end":{"line":202,"column":3}}]},"17":{"type":"branch","line":187,"loc":{"start":{"line":187,"column":6},"end":{"line":191,"column":39}},"locations":[{"start":{"line":187,"column":6},"end":{"line":191,"column":39}}]},"18":{"type":"branch","line":188,"loc":{"start":{"line":188,"column":40},"end":{"line":191,"column":39}},"locations":[{"start":{"line":188,"column":40},"end":{"line":191,"column":39}}]},"19":{"type":"branch","line":190,"loc":{"start":{"line":190,"column":8},"end":{"line":191,"column":34}},"locations":[{"start":{"line":190,"column":8},"end":{"line":191,"column":34}}]},"20":{"type":"branch","line":191,"loc":{"start":{"line":191,"column":22},"end":{"line":191,"column":39}},"locations":[{"start":{"line":191,"column":22},"end":{"line":191,"column":39}}]},"21":{"type":"branch","line":192,"loc":{"start":{"line":192,"column":6},"end":{"line":198,"column":56}},"locations":[{"start":{"line":192,"column":6},"end":{"line":198,"column":56}}]},"22":{"type":"branch","line":195,"loc":{"start":{"line":195,"column":40},"end":{"line":197,"column":9}},"locations":[{"start":{"line":195,"column":40},"end":{"line":197,"column":9}}]},"23":{"type":"branch","line":197,"loc":{"start":{"line":197,"column":8},"end":{"line":198,"column":31}},"locations":[{"start":{"line":197,"column":8},"end":{"line":198,"column":31}}]},"24":{"type":"branch","line":198,"loc":{"start":{"line":198,"column":23},"end":{"line":198,"column":51}},"locations":[{"start":{"line":198,"column":23},"end":{"line":198,"column":51}}]},"25":{"type":"branch","line":198,"loc":{"start":{"line":198,"column":39},"end":{"line":198,"column":56}},"locations":[{"start":{"line":198,"column":39},"end":{"line":198,"column":56}}]},"26":{"type":"branch","line":199,"loc":{"start":{"line":199,"column":6},"end":{"line":200,"column":20}},"locations":[{"start":{"line":199,"column":6},"end":{"line":200,"column":20}}]},"27":{"type":"branch","line":207,"loc":{"start":{"line":207,"column":2},"end":{"line":327,"column":3}},"locations":[{"start":{"line":207,"column":2},"end":{"line":327,"column":3}}]},"28":{"type":"branch","line":216,"loc":{"start":{"line":216,"column":4},"end":{"line":220,"column":5}},"locations":[{"start":{"line":216,"column":4},"end":{"line":220,"column":5}}]},"29":{"type":"branch","line":231,"loc":{"start":{"line":231,"column":43},"end":{"line":315,"column":5}},"locations":[{"start":{"line":231,"column":43},"end":{"line":315,"column":5}}]},"30":{"type":"branch","line":245,"loc":{"start":{"line":245,"column":26},"end":{"line":253,"column":9}},"locations":[{"start":{"line":245,"column":26},"end":{"line":253,"column":9}}]},"31":{"type":"branch","line":257,"loc":{"start":{"line":257,"column":63},"end":{"line":257,"column":71}},"locations":[{"start":{"line":257,"column":63},"end":{"line":257,"column":71}}]},"32":{"type":"branch","line":260,"loc":{"start":{"line":260,"column":56},"end":{"line":262,"column":17}},"locations":[{"start":{"line":260,"column":56},"end":{"line":262,"column":17}}]},"33":{"type":"branch","line":265,"loc":{"start":{"line":265,"column":8},"end":{"line":269,"column":9}},"locations":[{"start":{"line":265,"column":8},"end":{"line":269,"column":9}}]},"34":{"type":"branch","line":274,"loc":{"start":{"line":274,"column":30},"end":{"line":278,"column":9}},"locations":[{"start":{"line":274,"column":30},"end":{"line":278,"column":9}}]},"35":{"type":"branch","line":278,"loc":{"start":{"line":278,"column":8},"end":{"line":281,"column":43}},"locations":[{"start":{"line":278,"column":8},"end":{"line":281,"column":43}}]},"36":{"type":"branch","line":281,"loc":{"start":{"line":281,"column":43},"end":{"line":287,"column":9}},"locations":[{"start":{"line":281,"column":43},"end":{"line":287,"column":9}}]},"37":{"type":"branch","line":287,"loc":{"start":{"line":287,"column":8},"end":{"line":292,"column":9}},"locations":[{"start":{"line":287,"column":8},"end":{"line":292,"column":9}}]},"38":{"type":"branch","line":292,"loc":{"start":{"line":292,"column":8},"end":{"line":301,"column":15}},"locations":[{"start":{"line":292,"column":8},"end":{"line":301,"column":15}}]},"39":{"type":"branch","line":301,"loc":{"start":{"line":301,"column":6},"end":{"line":314,"column":7}},"locations":[{"start":{"line":301,"column":6},"end":{"line":314,"column":7}}]},"40":{"type":"branch","line":302,"loc":{"start":{"line":302,"column":63},"end":{"line":305,"column":15}},"locations":[{"start":{"line":302,"column":63},"end":{"line":305,"column":15}}]},"41":{"type":"branch","line":306,"loc":{"start":{"line":306,"column":58},"end":{"line":306,"column":84}},"locations":[{"start":{"line":306,"column":58},"end":{"line":306,"column":84}}]},"42":{"type":"branch","line":310,"loc":{"start":{"line":310,"column":45},"end":{"line":310,"column":61}},"locations":[{"start":{"line":310,"column":45},"end":{"line":310,"column":61}}]},"43":{"type":"branch","line":315,"loc":{"start":{"line":315,"column":4},"end":{"line":326,"column":91}},"locations":[{"start":{"line":315,"column":4},"end":{"line":326,"column":91}}]}},"b":{"0":[9],"1":[2],"2":[0],"3":[0],"4":[0],"5":[0],"6":[2],"7":[14],"8":[15],"9":[14],"10":[0],"11":[1],"12":[1],"13":[0],"14":[0],"15":[0],"16":[13],"17":[5],"18":[3],"19":[2],"20":[1],"21":[7],"22":[4],"23":[3],"24":[2],"25":[1],"26":[1],"27":[2],"28":[0],"29":[5],"30":[0],"31":[0],"32":[0],"33":[0],"34":[2],"35":[3],"36":[0],"37":[3],"38":[1],"39":[2],"40":[0],"41":[0],"42":[0],"43":[1]},"fnMap":{"0":{"name":"<static_initializer>","decl":{"start":{"line":16,"column":2},"end":{"line":39,"column":4}},"loc":{"start":{"line":16,"column":2},"end":{"line":39,"column":4}},"line":16},"1":{"name":"validateUrl","decl":{"start":{"line":44,"column":17},"end":{"line":79,"column":3}},"loc":{"start":{"line":44,"column":17},"end":{"line":79,"column":3}},"line":44},"2":{"name":"isPrivateIP","decl":{"start":{"line":84,"column":17},"end":{"line":97,"column":3}},"loc":{"start":{"line":84,"column":17},"end":{"line":97,"column":3}},"line":84},"3":{"name":"sanitizeContent","decl":{"start":{"line":103,"column":9},"end":{"line":180,"column":3}},"loc":{"start":{"line":103,"column":9},"end":{"line":180,"column":3}},"line":103},"4":{"name":"extractContent","decl":{"start":{"line":185,"column":17},"end":{"line":202,"column":3}},"loc":{"start":{"line":185,"column":17},"end":{"line":202,"column":3}},"line":185},"5":{"name":"fetch","decl":{"start":{"line":207,"column":2},"end":{"line":327,"column":3}},"loc":{"start":{"line":207,"column":2},"end":{"line":327,"column":3}},"line":207}},"f":{"0":9,"1":2,"2":2,"3":15,"4":13,"5":2}}
}
